{"/home/travis/build/npmtest/node-npmtest-mdns/test.js":{"path":"/home/travis/build/npmtest/node-npmtest-mdns/test.js","s":{"1":2,"2":2,"3":2,"4":2,"5":2,"6":2,"7":2,"8":1,"9":2,"10":2,"11":1,"12":1,"13":1,"14":1,"15":2,"16":2,"17":2,"18":2,"19":1,"20":1,"21":2,"22":2,"23":2,"24":1,"25":1,"26":1,"27":1,"28":1,"29":1,"30":1,"31":1,"32":1,"33":1,"34":1,"35":1,"36":1,"37":1,"38":1,"39":2,"40":2,"41":1,"42":2,"43":2,"44":1,"45":2,"46":2,"47":1,"48":2,"49":2,"50":1,"51":1,"52":1,"53":1,"54":1},"b":{"1":[2,1,1,1],"2":[1,1,1,1],"3":[1,1],"4":[1,1],"5":[1,1],"6":[1,1],"7":[1,1],"8":[1,1],"9":[1,1],"10":[1,1,1],"11":[1,1],"12":[1,1],"13":[1,1],"14":[1,1],"15":[1,1],"16":[1,1],"17":[1,1]},"f":{"1":2,"2":2,"3":2,"4":2,"5":2,"6":1,"7":1,"8":1,"9":2,"10":2,"11":2,"12":2,"13":1},"fnMap":{"1":{"name":"(anonymous_1)","line":12,"loc":{"start":{"line":12,"column":1},"end":{"line":12,"column":13}}},"2":{"name":"(anonymous_2)","line":19,"loc":{"start":{"line":19,"column":5},"end":{"line":19,"column":17}}},"3":{"name":"(anonymous_3)","line":23,"loc":{"start":{"line":23,"column":24},"end":{"line":23,"column":36}}},"4":{"name":"(anonymous_4)","line":61,"loc":{"start":{"line":61,"column":5},"end":{"line":61,"column":17}}},"5":{"name":"(anonymous_5)","line":82,"loc":{"start":{"line":82,"column":5},"end":{"line":82,"column":17}}},"6":{"name":"(anonymous_6)","line":91,"loc":{"start":{"line":91,"column":77},"end":{"line":94,"column":10}}},"7":{"name":"(anonymous_7)","line":112,"loc":{"start":{"line":112,"column":83},"end":{"line":115,"column":10}},"skip":true},"8":{"name":"(anonymous_8)","line":123,"loc":{"start":{"line":123,"column":77},"end":{"line":126,"column":10}},"skip":true},"9":{"name":"(anonymous_9)","line":139,"loc":{"start":{"line":139,"column":12},"end":{"line":139,"column":40}},"skip":true},"10":{"name":"(anonymous_10)","line":147,"loc":{"start":{"line":147,"column":77},"end":{"line":150,"column":10}},"skip":true},"11":{"name":"(anonymous_11)","line":158,"loc":{"start":{"line":158,"column":83},"end":{"line":161,"column":10}},"skip":true},"12":{"name":"(anonymous_12)","line":169,"loc":{"start":{"line":169,"column":79},"end":{"line":172,"column":10}},"skip":true},"13":{"name":"(anonymous_13)","line":180,"loc":{"start":{"line":180,"column":75},"end":{"line":183,"column":10}},"skip":true}},"statementMap":{"1":{"start":{"line":12,"column":0},"end":{"line":195,"column":5}},"2":{"start":{"line":14,"column":4},"end":{"line":14,"column":14}},"3":{"start":{"line":19,"column":4},"end":{"line":56,"column":9}},"4":{"start":{"line":21,"column":8},"end":{"line":21,"column":19}},"5":{"start":{"line":23,"column":8},"end":{"line":35,"column":13}},"6":{"start":{"line":24,"column":12},"end":{"line":34,"column":13}},"7":{"start":{"line":25,"column":16},"end":{"line":28,"column":30}},"8":{"start":{"line":30,"column":16},"end":{"line":33,"column":27}},"9":{"start":{"line":37,"column":8},"end":{"line":39,"column":21}},"10":{"start":{"line":40,"column":8},"end":{"line":53,"column":9}},"11":{"start":{"line":43,"column":12},"end":{"line":46,"column":14}},"12":{"start":{"line":47,"column":12},"end":{"line":47,"column":18}},"13":{"start":{"line":50,"column":12},"end":{"line":51,"column":33}},"14":{"start":{"line":52,"column":12},"end":{"line":52,"column":18}},"15":{"start":{"line":55,"column":8},"end":{"line":55,"column":35}},"16":{"start":{"line":61,"column":4},"end":{"line":63,"column":9}},"17":{"start":{"line":62,"column":8},"end":{"line":62,"column":15}},"18":{"start":{"line":64,"column":4},"end":{"line":77,"column":5}},"19":{"start":{"line":70,"column":8},"end":{"line":70,"column":14}},"20":{"start":{"line":76,"column":8},"end":{"line":76,"column":14}},"21":{"start":{"line":82,"column":4},"end":{"line":84,"column":9}},"22":{"start":{"line":83,"column":8},"end":{"line":83,"column":15}},"23":{"start":{"line":85,"column":4},"end":{"line":194,"column":5}},"24":{"start":{"line":91,"column":8},"end":{"line":99,"column":10}},"25":{"start":{"line":98,"column":12},"end":{"line":98,"column":35}},"26":{"start":{"line":102,"column":8},"end":{"line":104,"column":63}},"27":{"start":{"line":105,"column":8},"end":{"line":105,"column":14}},"28":{"start":{"line":112,"column":8},"end":{"line":121,"column":10},"skip":true},"29":{"start":{"line":119,"column":12},"end":{"line":119,"column":55},"skip":true},"30":{"start":{"line":120,"column":12},"end":{"line":120,"column":48},"skip":true},"31":{"start":{"line":123,"column":8},"end":{"line":136,"column":10},"skip":true},"32":{"start":{"line":130,"column":12},"end":{"line":130,"column":76},"skip":true},"33":{"start":{"line":131,"column":12},"end":{"line":131,"column":73},"skip":true},"34":{"start":{"line":132,"column":12},"end":{"line":132,"column":74},"skip":true},"35":{"start":{"line":133,"column":12},"end":{"line":133,"column":79},"skip":true},"36":{"start":{"line":134,"column":12},"end":{"line":134,"column":25},"skip":true},"37":{"start":{"line":135,"column":12},"end":{"line":135,"column":45},"skip":true},"38":{"start":{"line":138,"column":8},"end":{"line":145,"column":14},"skip":true},"39":{"start":{"line":143,"column":16},"end":{"line":143,"column":29},"skip":true},"40":{"start":{"line":144,"column":16},"end":{"line":144,"column":55},"skip":true},"41":{"start":{"line":147,"column":8},"end":{"line":156,"column":10},"skip":true},"42":{"start":{"line":154,"column":12},"end":{"line":154,"column":25},"skip":true},"43":{"start":{"line":155,"column":12},"end":{"line":155,"column":45},"skip":true},"44":{"start":{"line":158,"column":8},"end":{"line":167,"column":10},"skip":true},"45":{"start":{"line":165,"column":12},"end":{"line":165,"column":25},"skip":true},"46":{"start":{"line":166,"column":12},"end":{"line":166,"column":48},"skip":true},"47":{"start":{"line":169,"column":8},"end":{"line":178,"column":10},"skip":true},"48":{"start":{"line":176,"column":12},"end":{"line":176,"column":25},"skip":true},"49":{"start":{"line":177,"column":12},"end":{"line":177,"column":46},"skip":true},"50":{"start":{"line":180,"column":8},"end":{"line":189,"column":10},"skip":true},"51":{"start":{"line":187,"column":12},"end":{"line":187,"column":94},"skip":true},"52":{"start":{"line":188,"column":12},"end":{"line":188,"column":48},"skip":true},"53":{"start":{"line":192,"column":8},"end":{"line":192,"column":35},"skip":true},"54":{"start":{"line":193,"column":8},"end":{"line":193,"column":14},"skip":true}},"branchMap":{"1":{"line":25,"type":"binary-expr","locations":[{"start":{"line":25,"column":23},"end":{"line":25,"column":62}},{"start":{"line":26,"column":20},"end":{"line":26,"column":70}},{"start":{"line":27,"column":20},"end":{"line":27,"column":71}},{"start":{"line":28,"column":20},"end":{"line":28,"column":29}}]},"2":{"line":30,"type":"binary-expr","locations":[{"start":{"line":30,"column":23},"end":{"line":30,"column":37}},{"start":{"line":31,"column":20},"end":{"line":31,"column":61}},{"start":{"line":32,"column":20},"end":{"line":32,"column":70}},{"start":{"line":33,"column":20},"end":{"line":33,"column":26}}]},"3":{"line":37,"type":"cond-expr","locations":[{"start":{"line":38,"column":14},"end":{"line":38,"column":20}},{"start":{"line":39,"column":14},"end":{"line":39,"column":20}}]},"4":{"line":40,"type":"switch","locations":[{"start":{"line":42,"column":8},"end":{"line":47,"column":18}},{"start":{"line":49,"column":8},"end":{"line":52,"column":18}}]},"5":{"line":44,"type":"binary-expr","locations":[{"start":{"line":44,"column":16},"end":{"line":44,"column":44}},{"start":{"line":44,"column":48},"end":{"line":44,"column":66}}]},"6":{"line":50,"type":"binary-expr","locations":[{"start":{"line":50,"column":21},"end":{"line":50,"column":49}},{"start":{"line":50,"column":53},"end":{"line":50,"column":72}}]},"7":{"line":64,"type":"switch","locations":[{"start":{"line":69,"column":4},"end":{"line":70,"column":14}},{"start":{"line":75,"column":4},"end":{"line":76,"column":14}}]},"8":{"line":85,"type":"switch","locations":[{"start":{"line":90,"column":4},"end":{"line":105,"column":14}},{"start":{"line":111,"column":4},"end":{"line":193,"column":14},"skip":true}]},"9":{"line":91,"type":"binary-expr","locations":[{"start":{"line":91,"column":42},"end":{"line":91,"column":73}},{"start":{"line":91,"column":77},"end":{"line":99,"column":9}}]},"10":{"line":102,"type":"binary-expr","locations":[{"start":{"line":102,"column":18},"end":{"line":102,"column":32}},{"start":{"line":103,"column":12},"end":{"line":103,"column":53}},{"start":{"line":104,"column":12},"end":{"line":104,"column":61}}]},"11":{"line":112,"type":"binary-expr","locations":[{"start":{"line":112,"column":45},"end":{"line":112,"column":79},"skip":true},{"start":{"line":112,"column":83},"end":{"line":121,"column":9},"skip":true}]},"12":{"line":123,"type":"binary-expr","locations":[{"start":{"line":123,"column":42},"end":{"line":123,"column":73},"skip":true},{"start":{"line":123,"column":77},"end":{"line":136,"column":9},"skip":true}]},"13":{"line":138,"type":"binary-expr","locations":[{"start":{"line":138,"column":48},"end":{"line":138,"column":85},"skip":true},{"start":{"line":139,"column":12},"end":{"line":145,"column":13},"skip":true}]},"14":{"line":147,"type":"binary-expr","locations":[{"start":{"line":147,"column":42},"end":{"line":147,"column":73},"skip":true},{"start":{"line":147,"column":77},"end":{"line":156,"column":9},"skip":true}]},"15":{"line":158,"type":"binary-expr","locations":[{"start":{"line":158,"column":45},"end":{"line":158,"column":79},"skip":true},{"start":{"line":158,"column":83},"end":{"line":167,"column":9},"skip":true}]},"16":{"line":169,"type":"binary-expr","locations":[{"start":{"line":169,"column":43},"end":{"line":169,"column":75},"skip":true},{"start":{"line":169,"column":79},"end":{"line":178,"column":9},"skip":true}]},"17":{"line":180,"type":"binary-expr","locations":[{"start":{"line":180,"column":41},"end":{"line":180,"column":71},"skip":true},{"start":{"line":180,"column":75},"end":{"line":189,"column":9},"skip":true}]}},"code":["/* istanbul instrument in package npmtest_mdns */","/*jslint","    bitwise: true,","    browser: true,","    maxerr: 8,","    maxlen: 96,","    node: true,","    nomen: true,","    regexp: true,","    stupid: true","*/","(function () {","    'use strict';","    var local;","","","","    // run shared js-env code - pre-init","    (function () {","        // init local","        local = {};","        // init modeJs","        local.modeJs = (function () {","            try {","                return typeof navigator.userAgent === 'string' &&","                    typeof document.querySelector('body') === 'object' &&","                    typeof XMLHttpRequest.prototype.open === 'function' &&","                    'browser';","            } catch (errorCaughtBrowser) {","                return module.exports &&","                    typeof process.versions.node === 'string' &&","                    typeof require('http').createServer === 'function' &&","                    'node';","            }","        }());","        // init global","        local.global = local.modeJs === 'browser'","            ? window","            : global;","        switch (local.modeJs) {","        // re-init local from window.local","        case 'browser':","            local = local.global.utility2.objectSetDefault(","                local.global.utility2_rollup || local.global.local,","                local.global.utility2","            );","            break;","        // re-init local from example.js","        case 'node':","            local = (local.global.utility2_rollup || require('utility2'))","                .requireReadme();","            break;","        }","        // export local","        local.global.local = local;","    }());","","","","    // run shared js-env code - function","    (function () {","        return;","    }());","    switch (local.modeJs) {","","","","    // run browser js-env code - function","    case 'browser':","        break;","","","","    // run node js-env code - function","    case 'node':","        break;","    }","","","","    // run shared js-env code - post-init","    (function () {","        return;","    }());","    switch (local.modeJs) {","","","","    // run browser js-env code - post-init","    case 'browser':","        local.testCase_browser_nullCase = local.testCase_browser_nullCase || function (","            options,","            onError","        ) {","        /*","         * this function will test browsers's null-case handling-behavior-behavior","         */","            onError(null, options);","        };","","        // run tests","        local.nop(local.modeTest &&","            document.querySelector('#testRunButton1') &&","            document.querySelector('#testRunButton1').click());","        break;","","","","    // run node js-env code - post-init","    /* istanbul ignore next */","    case 'node':","        local.testCase_buildApidoc_default = local.testCase_buildApidoc_default || function (","            options,","            onError","        ) {","        /*","         * this function will test buildApidoc's default handling-behavior-behavior","         */","            options = { modulePathList: module.paths };","            local.buildApidoc(options, onError);","        };","","        local.testCase_buildApp_default = local.testCase_buildApp_default || function (","            options,","            onError","        ) {","        /*","         * this function will test buildApp's default handling-behavior-behavior","         */","            local.testCase_buildReadme_default(options, local.onErrorThrow);","            local.testCase_buildLib_default(options, local.onErrorThrow);","            local.testCase_buildTest_default(options, local.onErrorThrow);","            local.testCase_buildCustomOrg_default(options, local.onErrorThrow);","            options = [];","            local.buildApp(options, onError);","        };","","        local.testCase_buildCustomOrg_default = local.testCase_buildCustomOrg_default ||","            function (options, onError) {","            /*","             * this function will test buildCustomOrg's default handling-behavior","             */","                options = {};","                local.buildCustomOrg(options, onError);","            };","","        local.testCase_buildLib_default = local.testCase_buildLib_default || function (","            options,","            onError","        ) {","        /*","         * this function will test buildLib's default handling-behavior","         */","            options = {};","            local.buildLib(options, onError);","        };","","        local.testCase_buildReadme_default = local.testCase_buildReadme_default || function (","            options,","            onError","        ) {","        /*","         * this function will test buildReadme's default handling-behavior-behavior","         */","            options = {};","            local.buildReadme(options, onError);","        };","","        local.testCase_buildTest_default = local.testCase_buildTest_default || function (","            options,","            onError","        ) {","        /*","         * this function will test buildTest's default handling-behavior","         */","            options = {};","            local.buildTest(options, onError);","        };","","        local.testCase_webpage_default = local.testCase_webpage_default || function (","            options,","            onError","        ) {","        /*","         * this function will test webpage's default handling-behavior","         */","            options = { modeCoverageMerge: true, url: local.serverLocalHost + '?modeTest=1' };","            local.browserTest(options, onError);","        };","","        // run test-server","        local.testRunServer(local);","        break;","    }","}());",""],"l":{"12":2,"14":2,"19":2,"21":2,"23":2,"24":2,"25":2,"30":1,"37":2,"40":2,"43":1,"47":1,"50":1,"52":1,"55":2,"61":2,"62":2,"64":2,"70":1,"76":1,"82":2,"83":2,"85":2,"91":1,"98":1,"102":1,"105":1,"112":1,"119":1,"120":1,"123":1,"130":1,"131":1,"132":1,"133":1,"134":1,"135":1,"138":1,"143":2,"144":2,"147":1,"154":2,"155":2,"158":1,"165":2,"166":2,"169":1,"176":2,"177":2,"180":1,"187":1,"188":1,"192":1,"193":1}},"/home/travis/build/npmtest/node-npmtest-mdns/lib.npmtest_mdns.js":{"path":"/home/travis/build/npmtest/node-npmtest-mdns/lib.npmtest_mdns.js","s":{"1":2,"2":2,"3":2,"4":2,"5":2,"6":2,"7":2,"8":1,"9":2,"10":2,"11":2,"12":2,"13":1,"14":1,"15":1,"16":1},"b":{"1":[2,1,1,1],"2":[1,1,1,1],"3":[1,1],"4":[2,2],"5":[1,1]},"f":{"1":2,"2":2,"3":2},"fnMap":{"1":{"name":"(anonymous_1)","line":12,"loc":{"start":{"line":12,"column":1},"end":{"line":12,"column":13}}},"2":{"name":"(anonymous_2)","line":19,"loc":{"start":{"line":19,"column":5},"end":{"line":19,"column":17}}},"3":{"name":"(anonymous_3)","line":23,"loc":{"start":{"line":23,"column":24},"end":{"line":23,"column":36}}}},"statementMap":{"1":{"start":{"line":12,"column":0},"end":{"line":53,"column":5}},"2":{"start":{"line":14,"column":4},"end":{"line":14,"column":14}},"3":{"start":{"line":19,"column":4},"end":{"line":52,"column":9}},"4":{"start":{"line":21,"column":8},"end":{"line":21,"column":19}},"5":{"start":{"line":23,"column":8},"end":{"line":35,"column":13}},"6":{"start":{"line":24,"column":12},"end":{"line":34,"column":13}},"7":{"start":{"line":25,"column":16},"end":{"line":28,"column":30}},"8":{"start":{"line":30,"column":16},"end":{"line":33,"column":27}},"9":{"start":{"line":37,"column":8},"end":{"line":39,"column":21}},"10":{"start":{"line":41,"column":8},"end":{"line":41,"column":54}},"11":{"start":{"line":43,"column":8},"end":{"line":43,"column":49}},"12":{"start":{"line":45,"column":8},"end":{"line":51,"column":9}},"13":{"start":{"line":46,"column":12},"end":{"line":46,"column":55}},"14":{"start":{"line":48,"column":12},"end":{"line":48,"column":35}},"15":{"start":{"line":49,"column":12},"end":{"line":49,"column":49}},"16":{"start":{"line":50,"column":12},"end":{"line":50,"column":43}}},"branchMap":{"1":{"line":25,"type":"binary-expr","locations":[{"start":{"line":25,"column":23},"end":{"line":25,"column":62}},{"start":{"line":26,"column":20},"end":{"line":26,"column":70}},{"start":{"line":27,"column":20},"end":{"line":27,"column":71}},{"start":{"line":28,"column":20},"end":{"line":28,"column":29}}]},"2":{"line":30,"type":"binary-expr","locations":[{"start":{"line":30,"column":23},"end":{"line":30,"column":37}},{"start":{"line":31,"column":20},"end":{"line":31,"column":61}},{"start":{"line":32,"column":20},"end":{"line":32,"column":70}},{"start":{"line":33,"column":20},"end":{"line":33,"column":26}}]},"3":{"line":37,"type":"cond-expr","locations":[{"start":{"line":38,"column":14},"end":{"line":38,"column":20}},{"start":{"line":39,"column":14},"end":{"line":39,"column":20}}]},"4":{"line":41,"type":"binary-expr","locations":[{"start":{"line":41,"column":16},"end":{"line":41,"column":44}},{"start":{"line":41,"column":48},"end":{"line":41,"column":53}}]},"5":{"line":45,"type":"if","locations":[{"start":{"line":45,"column":8},"end":{"line":45,"column":8}},{"start":{"line":45,"column":8},"end":{"line":45,"column":8}}]}},"code":["/* istanbul instrument in package npmtest_mdns */","/*jslint","    bitwise: true,","    browser: true,","    maxerr: 8,","    maxlen: 96,","    node: true,","    nomen: true,","    regexp: true,","    stupid: true","*/","(function () {","    'use strict';","    var local;","","","","    // run shared js-env code - pre-init","    (function () {","        // init local","        local = {};","        // init modeJs","        local.modeJs = (function () {","            try {","                return typeof navigator.userAgent === 'string' &&","                    typeof document.querySelector('body') === 'object' &&","                    typeof XMLHttpRequest.prototype.open === 'function' &&","                    'browser';","            } catch (errorCaughtBrowser) {","                return module.exports &&","                    typeof process.versions.node === 'string' &&","                    typeof require('http').createServer === 'function' &&","                    'node';","            }","        }());","        // init global","        local.global = local.modeJs === 'browser'","            ? window","            : global;","        // init utility2_rollup","        local = local.global.utility2_rollup || local;","        // init lib","        local.local = local.npmtest_mdns = local;","        // init exports","        if (local.modeJs === 'browser') {","            local.global.utility2_npmtest_mdns = local;","        } else {","            module.exports = local;","            module.exports.__dirname = __dirname;","            module.exports.module = module;","        }","    }());","}());",""],"l":{"12":2,"14":2,"19":2,"21":2,"23":2,"24":2,"25":2,"30":1,"37":2,"41":2,"43":2,"45":2,"46":1,"48":1,"49":1,"50":1}},"/home/travis/build/npmtest/node-npmtest-mdns/example.js":{"path":"/home/travis/build/npmtest/node-npmtest-mdns/example.js","s":{"1":2,"2":2,"3":2,"4":2,"5":2,"6":2,"7":2,"8":1,"9":2,"10":2,"11":2,"12":2,"13":1,"14":2,"15":2,"16":2,"17":2,"18":2,"19":0,"20":2,"21":1,"22":1,"23":1,"24":1,"25":1,"26":0,"27":0,"28":1,"29":1,"30":2,"31":0,"32":0,"33":0,"34":1,"35":2,"36":2,"37":3,"38":3,"39":3,"40":3,"41":0,"42":3,"43":3,"44":3,"45":1,"46":3,"47":1,"48":1,"49":1,"50":1,"51":1,"52":1,"53":1,"54":1,"55":1,"56":1,"57":0,"58":1,"59":6,"60":6,"61":1,"62":2,"63":0,"64":2,"65":1,"66":1,"67":0,"68":0,"69":0,"70":0,"71":0,"72":0,"73":0,"74":0,"75":0,"76":0,"77":0,"78":0,"79":0,"80":0,"81":0,"82":0,"83":0},"b":{"1":[2,1,1,1],"2":[1,1,1,1],"3":[1,1],"4":[2,2],"5":[1,1],"6":[1,1],"7":[2,0],"8":[2,1,1,1,1,1],"9":[0,2,0],"10":[1,1],"11":[2,1,1],"12":[1,0],"13":[0,2],"14":[2,0,0,0,0,0,0],"15":[0,3],"16":[3,0],"17":[1,1],"18":[0,1],"19":[1,2,0,2],"20":[1,0],"21":[1,1],"22":[0,0],"23":[0,0],"24":[0,0],"25":[0,0],"26":[0,0],"27":[0,0],"28":[0,0]},"f":{"1":2,"2":2,"3":2,"4":2,"5":2,"6":2,"7":3,"8":3,"9":3,"10":1,"11":6,"12":0},"fnMap":{"1":{"name":"(anonymous_1)","line":26,"loc":{"start":{"line":26,"column":1},"end":{"line":26,"column":13}}},"2":{"name":"(anonymous_2)","line":33,"loc":{"start":{"line":33,"column":5},"end":{"line":33,"column":17}}},"3":{"name":"(anonymous_3)","line":37,"loc":{"start":{"line":37,"column":24},"end":{"line":37,"column":36}}},"4":{"name":"(anonymous_4)","line":69,"loc":{"start":{"line":69,"column":31},"end":{"line":69,"column":48}},"skip":true},"5":{"name":"(anonymous_5)","line":78,"loc":{"start":{"line":78,"column":26},"end":{"line":78,"column":45}},"skip":true},"6":{"name":"(anonymous_6)","line":123,"loc":{"start":{"line":123,"column":33},"end":{"line":123,"column":48}},"skip":true},"7":{"name":"(anonymous_7)","line":125,"loc":{"start":{"line":125,"column":27},"end":{"line":125,"column":39}},"skip":true},"8":{"name":"(anonymous_8)","line":133,"loc":{"start":{"line":133,"column":59},"end":{"line":133,"column":74}},"skip":true},"9":{"name":"(anonymous_9)","line":143,"loc":{"start":{"line":143,"column":45},"end":{"line":143,"column":62}},"skip":true},"10":{"name":"(anonymous_10)","line":144,"loc":{"start":{"line":144,"column":73},"end":{"line":144,"column":92}},"skip":true},"11":{"name":"(anonymous_11)","line":272,"loc":{"start":{"line":272,"column":51},"end":{"line":272,"column":77}},"skip":true},"12":{"name":"(anonymous_12)","line":315,"loc":{"start":{"line":315,"column":32},"end":{"line":315,"column":61}},"skip":true}},"statementMap":{"1":{"start":{"line":26,"column":0},"end":{"line":326,"column":5}},"2":{"start":{"line":28,"column":4},"end":{"line":28,"column":14}},"3":{"start":{"line":33,"column":4},"end":{"line":60,"column":9}},"4":{"start":{"line":35,"column":8},"end":{"line":35,"column":19}},"5":{"start":{"line":37,"column":8},"end":{"line":49,"column":13}},"6":{"start":{"line":38,"column":12},"end":{"line":48,"column":13}},"7":{"start":{"line":39,"column":16},"end":{"line":42,"column":30}},"8":{"start":{"line":44,"column":16},"end":{"line":47,"column":27}},"9":{"start":{"line":51,"column":8},"end":{"line":53,"column":21}},"10":{"start":{"line":55,"column":8},"end":{"line":57,"column":45}},"11":{"start":{"line":59,"column":8},"end":{"line":59,"column":35}},"12":{"start":{"line":61,"column":4},"end":{"line":325,"column":5}},"13":{"start":{"line":69,"column":8},"end":{"line":121,"column":10},"skip":true},"14":{"start":{"line":70,"column":12},"end":{"line":88,"column":13},"skip":true},"15":{"start":{"line":76,"column":16},"end":{"line":87,"column":19},"skip":true},"16":{"start":{"line":79,"column":20},"end":{"line":86,"column":21},"skip":true},"17":{"start":{"line":82,"column":24},"end":{"line":82,"column":43},"skip":true},"18":{"start":{"line":83,"column":24},"end":{"line":83,"column":30},"skip":true},"19":{"start":{"line":85,"column":24},"end":{"line":85,"column":49},"skip":true},"20":{"start":{"line":89,"column":12},"end":{"line":107,"column":13},"skip":true},"21":{"start":{"line":92,"column":16},"end":{"line":102,"column":17},"skip":true},"22":{"start":{"line":93,"column":20},"end":{"line":93,"column":86},"skip":true},"23":{"start":{"line":94,"column":20},"end":{"line":95,"column":45},"skip":true},"24":{"start":{"line":96,"column":20},"end":{"line":96,"column":42},"skip":true},"25":{"start":{"line":97,"column":20},"end":{"line":97,"column":48},"skip":true},"26":{"start":{"line":100,"column":20},"end":{"line":100,"column":85},"skip":true},"27":{"start":{"line":101,"column":20},"end":{"line":101,"column":96},"skip":true},"28":{"start":{"line":103,"column":16},"end":{"line":103,"column":22},"skip":true},"29":{"start":{"line":106,"column":16},"end":{"line":106,"column":22},"skip":true},"30":{"start":{"line":108,"column":12},"end":{"line":120,"column":13},"skip":true},"31":{"start":{"line":114,"column":16},"end":{"line":119,"column":17},"skip":true},"32":{"start":{"line":116,"column":20},"end":{"line":116,"column":78},"skip":true},"33":{"start":{"line":118,"column":20},"end":{"line":118,"column":47},"skip":true},"34":{"start":{"line":123,"column":8},"end":{"line":141,"column":11},"skip":true},"35":{"start":{"line":124,"column":12},"end":{"line":124,"column":54},"skip":true},"36":{"start":{"line":125,"column":12},"end":{"line":140,"column":14},"skip":true},"37":{"start":{"line":126,"column":16},"end":{"line":126,"column":28},"skip":true},"38":{"start":{"line":127,"column":16},"end":{"line":127,"column":69},"skip":true},"39":{"start":{"line":128,"column":16},"end":{"line":128,"column":75},"skip":true},"40":{"start":{"line":129,"column":16},"end":{"line":131,"column":17},"skip":true},"41":{"start":{"line":130,"column":20},"end":{"line":130,"column":27},"skip":true},"42":{"start":{"line":133,"column":16},"end":{"line":137,"column":36},"skip":true},"43":{"start":{"line":134,"column":20},"end":{"line":136,"column":55},"skip":true},"44":{"start":{"line":139,"column":16},"end":{"line":139,"column":57},"skip":true},"45":{"start":{"line":143,"column":8},"end":{"line":147,"column":11},"skip":true},"46":{"start":{"line":144,"column":12},"end":{"line":146,"column":15},"skip":true},"47":{"start":{"line":145,"column":16},"end":{"line":145,"column":70},"skip":true},"48":{"start":{"line":149,"column":8},"end":{"line":149,"column":31},"skip":true},"49":{"start":{"line":150,"column":8},"end":{"line":150,"column":14},"skip":true},"50":{"start":{"line":158,"column":8},"end":{"line":158,"column":31},"skip":true},"51":{"start":{"line":160,"column":8},"end":{"line":160,"column":33},"skip":true},"52":{"start":{"line":161,"column":8},"end":{"line":161,"column":37},"skip":true},"53":{"start":{"line":162,"column":8},"end":{"line":162,"column":35},"skip":true},"54":{"start":{"line":164,"column":8},"end":{"line":164,"column":50},"skip":true},"55":{"start":{"line":166,"column":8},"end":{"line":256,"column":2},"skip":true},"56":{"start":{"line":258,"column":8},"end":{"line":286,"column":9},"skip":true},"57":{"start":{"line":259,"column":12},"end":{"line":269,"column":14},"skip":true},"58":{"start":{"line":271,"column":12},"end":{"line":285,"column":19},"skip":true},"59":{"start":{"line":274,"column":20},"end":{"line":274,"column":35},"skip":true},"60":{"start":{"line":275,"column":20},"end":{"line":284,"column":21},"skip":true},"61":{"start":{"line":277,"column":24},"end":{"line":277,"column":64},"skip":true},"62":{"start":{"line":279,"column":24},"end":{"line":279,"column":40},"skip":true},"63":{"start":{"line":281,"column":24},"end":{"line":281,"column":40},"skip":true},"64":{"start":{"line":283,"column":24},"end":{"line":283,"column":39},"skip":true},"65":{"start":{"line":288,"column":8},"end":{"line":290,"column":9},"skip":true},"66":{"start":{"line":289,"column":12},"end":{"line":289,"column":18},"skip":true},"67":{"start":{"line":291,"column":8},"end":{"line":293,"column":54},"skip":true},"68":{"start":{"line":296,"column":8},"end":{"line":301,"column":37},"skip":true},"69":{"start":{"line":303,"column":8},"end":{"line":303,"column":82},"skip":true},"70":{"start":{"line":306,"column":8},"end":{"line":308,"column":9},"skip":true},"71":{"start":{"line":307,"column":12},"end":{"line":307,"column":82},"skip":true},"72":{"start":{"line":310,"column":8},"end":{"line":312,"column":9},"skip":true},"73":{"start":{"line":311,"column":12},"end":{"line":311,"column":18},"skip":true},"74":{"start":{"line":313,"column":8},"end":{"line":313,"column":54},"skip":true},"75":{"start":{"line":314,"column":8},"end":{"line":314,"column":69},"skip":true},"76":{"start":{"line":315,"column":8},"end":{"line":323,"column":36},"skip":true},"77":{"start":{"line":316,"column":12},"end":{"line":316,"column":61},"skip":true},"78":{"start":{"line":317,"column":12},"end":{"line":320,"column":13},"skip":true},"79":{"start":{"line":318,"column":16},"end":{"line":318,"column":75},"skip":true},"80":{"start":{"line":319,"column":16},"end":{"line":319,"column":23},"skip":true},"81":{"start":{"line":321,"column":12},"end":{"line":321,"column":38},"skip":true},"82":{"start":{"line":322,"column":12},"end":{"line":322,"column":27},"skip":true},"83":{"start":{"line":324,"column":8},"end":{"line":324,"column":14},"skip":true}},"branchMap":{"1":{"line":39,"type":"binary-expr","locations":[{"start":{"line":39,"column":23},"end":{"line":39,"column":62}},{"start":{"line":40,"column":20},"end":{"line":40,"column":70}},{"start":{"line":41,"column":20},"end":{"line":41,"column":71}},{"start":{"line":42,"column":20},"end":{"line":42,"column":29}}]},"2":{"line":44,"type":"binary-expr","locations":[{"start":{"line":44,"column":23},"end":{"line":44,"column":37}},{"start":{"line":45,"column":20},"end":{"line":45,"column":61}},{"start":{"line":46,"column":20},"end":{"line":46,"column":70}},{"start":{"line":47,"column":20},"end":{"line":47,"column":26}}]},"3":{"line":51,"type":"cond-expr","locations":[{"start":{"line":52,"column":14},"end":{"line":52,"column":20}},{"start":{"line":53,"column":14},"end":{"line":53,"column":20}}]},"4":{"line":55,"type":"binary-expr","locations":[{"start":{"line":55,"column":16},"end":{"line":55,"column":44}},{"start":{"line":55,"column":49},"end":{"line":57,"column":43}}]},"5":{"line":55,"type":"cond-expr","locations":[{"start":{"line":56,"column":14},"end":{"line":56,"column":48}},{"start":{"line":57,"column":14},"end":{"line":57,"column":43}}]},"6":{"line":61,"type":"switch","locations":[{"start":{"line":68,"column":4},"end":{"line":150,"column":14},"skip":true},{"start":{"line":156,"column":4},"end":{"line":324,"column":14},"skip":true}]},"7":{"line":70,"type":"if","locations":[{"start":{"line":70,"column":12},"end":{"line":70,"column":12},"skip":true},{"start":{"line":70,"column":12},"end":{"line":70,"column":12},"skip":true}]},"8":{"line":70,"type":"binary-expr","locations":[{"start":{"line":70,"column":16},"end":{"line":70,"column":22},"skip":true},{"start":{"line":70,"column":27},"end":{"line":70,"column":32},"skip":true},{"start":{"line":71,"column":20},"end":{"line":71,"column":39},"skip":true},{"start":{"line":72,"column":20},"end":{"line":72,"column":49},"skip":true},{"start":{"line":73,"column":20},"end":{"line":73,"column":58},"skip":true},{"start":{"line":74,"column":20},"end":{"line":74,"column":69},"skip":true}]},"9":{"line":79,"type":"switch","locations":[{"start":{"line":80,"column":20},"end":{"line":80,"column":33},"skip":true},{"start":{"line":81,"column":20},"end":{"line":83,"column":30},"skip":true},{"start":{"line":84,"column":20},"end":{"line":85,"column":49},"skip":true}]},"10":{"line":89,"type":"switch","locations":[{"start":{"line":90,"column":12},"end":{"line":103,"column":22},"skip":true},{"start":{"line":105,"column":12},"end":{"line":106,"column":22},"skip":true}]},"11":{"line":89,"type":"binary-expr","locations":[{"start":{"line":89,"column":20},"end":{"line":89,"column":25},"skip":true},{"start":{"line":89,"column":29},"end":{"line":89,"column":48},"skip":true},{"start":{"line":89,"column":52},"end":{"line":89,"column":74},"skip":true}]},"12":{"line":92,"type":"if","locations":[{"start":{"line":92,"column":16},"end":{"line":92,"column":16},"skip":true},{"start":{"line":92,"column":16},"end":{"line":92,"column":16},"skip":true}]},"13":{"line":108,"type":"if","locations":[{"start":{"line":108,"column":12},"end":{"line":108,"column":12},"skip":true},{"start":{"line":108,"column":12},"end":{"line":108,"column":12},"skip":true}]},"14":{"line":108,"type":"binary-expr","locations":[{"start":{"line":108,"column":16},"end":{"line":108,"column":61},"skip":true},{"start":{"line":108,"column":66},"end":{"line":108,"column":72},"skip":true},{"start":{"line":108,"column":77},"end":{"line":108,"column":82},"skip":true},{"start":{"line":109,"column":20},"end":{"line":109,"column":39},"skip":true},{"start":{"line":110,"column":20},"end":{"line":110,"column":49},"skip":true},{"start":{"line":111,"column":20},"end":{"line":111,"column":58},"skip":true},{"start":{"line":112,"column":20},"end":{"line":112,"column":68},"skip":true}]},"15":{"line":129,"type":"if","locations":[{"start":{"line":129,"column":16},"end":{"line":129,"column":16},"skip":true},{"start":{"line":129,"column":16},"end":{"line":129,"column":16},"skip":true}]},"16":{"line":134,"type":"cond-expr","locations":[{"start":{"line":135,"column":26},"end":{"line":135,"column":29},"skip":true},{"start":{"line":136,"column":26},"end":{"line":136,"column":54},"skip":true}]},"17":{"line":164,"type":"binary-expr","locations":[{"start":{"line":164,"column":27},"end":{"line":164,"column":43},"skip":true},{"start":{"line":164,"column":47},"end":{"line":164,"column":49},"skip":true}]},"18":{"line":258,"type":"if","locations":[{"start":{"line":258,"column":8},"end":{"line":258,"column":8},"skip":true},{"start":{"line":258,"column":8},"end":{"line":258,"column":8},"skip":true}]},"19":{"line":275,"type":"switch","locations":[{"start":{"line":276,"column":20},"end":{"line":277,"column":64},"skip":true},{"start":{"line":278,"column":20},"end":{"line":279,"column":40},"skip":true},{"start":{"line":280,"column":20},"end":{"line":281,"column":40},"skip":true},{"start":{"line":282,"column":20},"end":{"line":283,"column":39},"skip":true}]},"20":{"line":288,"type":"if","locations":[{"start":{"line":288,"column":8},"end":{"line":288,"column":8},"skip":true},{"start":{"line":288,"column":8},"end":{"line":288,"column":8},"skip":true}]},"21":{"line":288,"type":"binary-expr","locations":[{"start":{"line":288,"column":12},"end":{"line":288,"column":40},"skip":true},{"start":{"line":288,"column":44},"end":{"line":288,"column":67},"skip":true}]},"22":{"line":292,"type":"binary-expr","locations":[{"start":{"line":292,"column":12},"end":{"line":292,"column":50},"skip":true},{"start":{"line":293,"column":12},"end":{"line":293,"column":53},"skip":true}]},"23":{"line":297,"type":"binary-expr","locations":[{"start":{"line":297,"column":12},"end":{"line":297,"column":62},"skip":true},{"start":{"line":298,"column":12},"end":{"line":301,"column":36},"skip":true}]},"24":{"line":303,"type":"binary-expr","locations":[{"start":{"line":303,"column":43},"end":{"line":303,"column":75},"skip":true},{"start":{"line":303,"column":79},"end":{"line":303,"column":81},"skip":true}]},"25":{"line":306,"type":"if","locations":[{"start":{"line":306,"column":8},"end":{"line":306,"column":8},"skip":true},{"start":{"line":306,"column":8},"end":{"line":306,"column":8},"skip":true}]},"26":{"line":310,"type":"if","locations":[{"start":{"line":310,"column":8},"end":{"line":310,"column":8},"skip":true},{"start":{"line":310,"column":8},"end":{"line":310,"column":8},"skip":true}]},"27":{"line":313,"type":"binary-expr","locations":[{"start":{"line":313,"column":27},"end":{"line":313,"column":43},"skip":true},{"start":{"line":313,"column":47},"end":{"line":313,"column":53},"skip":true}]},"28":{"line":317,"type":"if","locations":[{"start":{"line":317,"column":12},"end":{"line":317,"column":12},"skip":true},{"start":{"line":317,"column":12},"end":{"line":317,"column":12},"skip":true}]}},"code":["/*","example.js","","quickstart example","","instruction","    1. save this script as example.js","    2. run the shell command:","        $ npm install npmtest-mdns && PORT=8081 node example.js","    3. play with the browser-demo on http://127.0.0.1:8081","*/","","","","/* istanbul instrument in package npmtest_mdns */","/*jslint","    bitwise: true,","    browser: true,","    maxerr: 8,","    maxlen: 96,","    node: true,","    nomen: true,","    regexp: true,","    stupid: true","*/","(function () {","    'use strict';","    var local;","","","","    // run shared js-env code - pre-init","    (function () {","        // init local","        local = {};","        // init modeJs","        local.modeJs = (function () {","            try {","                return typeof navigator.userAgent === 'string' &&","                    typeof document.querySelector('body') === 'object' &&","                    typeof XMLHttpRequest.prototype.open === 'function' &&","                    'browser';","            } catch (errorCaughtBrowser) {","                return module.exports &&","                    typeof process.versions.node === 'string' &&","                    typeof require('http').createServer === 'function' &&","                    'node';","            }","        }());","        // init global","        local.global = local.modeJs === 'browser'","            ? window","            : global;","        // init utility2_rollup","        local = local.global.utility2_rollup || (local.modeJs === 'browser'","            ? local.global.utility2_npmtest_mdns","            : global.utility2_moduleExports);","        // export local","        local.global.local = local;","    }());","    switch (local.modeJs) {","","","","    // post-init","    // run browser js-env code - post-init","    /* istanbul ignore next */","    case 'browser':","        local.testRunBrowser = function (event) {","            if (!event || (event &&","                    event.currentTarget &&","                    event.currentTarget.className &&","                    event.currentTarget.className.includes &&","                    event.currentTarget.className.includes('onreset'))) {","                // reset output","                Array.from(","                    document.querySelectorAll('body > .resettable')","                ).forEach(function (element) {","                    switch (element.tagName) {","                    case 'INPUT':","                    case 'TEXTAREA':","                        element.value = '';","                        break;","                    default:","                        element.textContent = '';","                    }","                });","            }","            switch (event && event.currentTarget && event.currentTarget.id) {","            case 'testRunButton1':","                // show tests","                if (document.querySelector('#testReportDiv1').style.display === 'none') {","                    document.querySelector('#testReportDiv1').style.display = 'block';","                    document.querySelector('#testRunButton1').textContent =","                        'hide internal test';","                    local.modeTest = true;","                    local.testRunDefault(local);","                // hide tests","                } else {","                    document.querySelector('#testReportDiv1').style.display = 'none';","                    document.querySelector('#testRunButton1').textContent = 'run internal test';","                }","                break;","            // custom-case","            default:","                break;","            }","            if (document.querySelector('#inputTextareaEval1') && (!event || (event &&","                    event.currentTarget &&","                    event.currentTarget.className &&","                    event.currentTarget.className.includes &&","                    event.currentTarget.className.includes('oneval')))) {","                // try to eval input-code","                try {","                    /*jslint evil: true*/","                    eval(document.querySelector('#inputTextareaEval1').value);","                } catch (errorCaught) {","                    console.error(errorCaught);","                }","            }","        };","        // log stderr and stdout to #outputTextareaStdout1","        ['error', 'log'].forEach(function (key) {","            console[key + '_original'] = console[key];","            console[key] = function () {","                var element;","                console[key + '_original'].apply(console, arguments);","                element = document.querySelector('#outputTextareaStdout1');","                if (!element) {","                    return;","                }","                // append text to #outputTextareaStdout1","                element.value += Array.from(arguments).map(function (arg) {","                    return typeof arg === 'string'","                        ? arg","                        : JSON.stringify(arg, null, 4);","                }).join(' ') + '\\n';","                // scroll textarea to bottom","                element.scrollTop = element.scrollHeight;","            };","        });","        // init event-handling","        ['change', 'click', 'keyup'].forEach(function (event) {","            Array.from(document.querySelectorAll('.on' + event)).forEach(function (element) {","                element.addEventListener(event, local.testRunBrowser);","            });","        });","        // run tests","        local.testRunBrowser();","        break;","","","","    // run node js-env code - post-init","    /* istanbul ignore next */","    case 'node':","        // export local","        module.exports = local;","        // require modules","        local.fs = require('fs');","        local.http = require('http');","        local.url = require('url');","        // init assets","        local.assetsDict = local.assetsDict || {};","        /* jslint-ignore-begin */","        local.assetsDict['/assets.index.template.html'] = '\\","<!doctype html>\\n\\","<html lang=\"en\">\\n\\","<head>\\n\\","<meta charset=\"UTF-8\">\\n\\","<meta name=\"viewport\" content=\"width=device-width, initial-scale=1\">\\n\\","<title>{{env.npm_package_name}} (v{{env.npm_package_version}})</title>\\n\\","<style>\\n\\","/*csslint\\n\\","    box-sizing: false,\\n\\","    universal-selector: false\\n\\","*/\\n\\","* {\\n\\","    box-sizing: border-box;\\n\\","}\\n\\","body {\\n\\","    background: #dde;\\n\\","    font-family: Arial, Helvetica, sans-serif;\\n\\","    margin: 2rem;\\n\\","}\\n\\","body > * {\\n\\","    margin-bottom: 1rem;\\n\\","}\\n\\",".utility2FooterDiv {\\n\\","    margin-top: 20px;\\n\\","    text-align: center;\\n\\","}\\n\\","</style>\\n\\","<style>\\n\\","/*csslint\\n\\","*/\\n\\","textarea {\\n\\","    font-family: monospace;\\n\\","    height: 10rem;\\n\\","    width: 100%;\\n\\","}\\n\\","textarea[readonly] {\\n\\","    background: #ddd;\\n\\","}\\n\\","</style>\\n\\","</head>\\n\\","<body>\\n\\","<!-- utility2-comment\\n\\","<div id=\"ajaxProgressDiv1\" style=\"background: #d00; height: 2px; left: 0; margin: 0; padding: 0; position: fixed; top: 0; transition: background 0.5s, width 1.5s; width: 25%;\"></div>\\n\\","utility2-comment -->\\n\\","<h1>\\n\\","<!-- utility2-comment\\n\\","    <a\\n\\","        {{#if env.npm_package_homepage}}\\n\\","        href=\"{{env.npm_package_homepage}}\"\\n\\","        {{/if env.npm_package_homepage}}\\n\\","        target=\"_blank\"\\n\\","    >\\n\\","utility2-comment -->\\n\\","        {{env.npm_package_name}} (v{{env.npm_package_version}})\\n\\","<!-- utility2-comment\\n\\","    </a>\\n\\","utility2-comment -->\\n\\","</h1>\\n\\","<h3>{{env.npm_package_description}}</h3>\\n\\","<!-- utility2-comment\\n\\","<h4><a download href=\"assets.app.js\">download standalone app</a></h4>\\n\\","<button class=\"onclick onreset\" id=\"testRunButton1\">run internal test</button><br>\\n\\","<div id=\"testReportDiv1\" style=\"display: none;\"></div>\\n\\","utility2-comment -->\\n\\","\\n\\","\\n\\","\\n\\","<label>stderr and stdout</label>\\n\\","<textarea class=\"resettable\" id=\"outputTextareaStdout1\" readonly></textarea>\\n\\","<!-- utility2-comment\\n\\","{{#if isRollup}}\\n\\","<script src=\"assets.app.js\"></script>\\n\\","{{#unless isRollup}}\\n\\","utility2-comment -->\\n\\","<script src=\"assets.utility2.rollup.js\"></script>\\n\\","<script src=\"jsonp.utility2._stateInit?callback=window.utility2._stateInit\"></script>\\n\\","<script src=\"assets.npmtest_mdns.rollup.js\"></script>\\n\\","<script src=\"assets.example.js\"></script>\\n\\","<script src=\"assets.test.js\"></script>\\n\\","<!-- utility2-comment\\n\\","{{/if isRollup}}\\n\\","utility2-comment -->\\n\\","<div class=\"utility2FooterDiv\">\\n\\","    [ this app was created with\\n\\","    <a href=\"https://github.com/kaizhu256/node-utility2\" target=\"_blank\">utility2</a>\\n\\","    ]\\n\\","</div>\\n\\","</body>\\n\\","</html>\\n\\","';","        /* jslint-ignore-end */","        if (local.templateRender) {","            local.assetsDict['/'] = local.templateRender(","                local.assetsDict['/assets.index.template.html'],","                {","                    env: local.objectSetDefault(local.env, {","                        npm_package_description: 'the greatest app in the world!',","                        npm_package_name: 'my-app',","                        npm_package_nameAlias: 'my_app',","                        npm_package_version: '0.0.1'","                    })","                }","            );","        } else {","            local.assetsDict['/'] = local.assetsDict['/assets.index.template.html']","                .replace((/\\{\\{env\\.(\\w+?)\\}\\}/g), function (match0, match1) {","                    // jslint-hack","                    String(match0);","                    switch (match1) {","                    case 'npm_package_description':","                        return 'the greatest app in the world!';","                    case 'npm_package_name':","                        return 'my-app';","                    case 'npm_package_nameAlias':","                        return 'my_app';","                    case 'npm_package_version':","                        return '0.0.1';","                    }","                });","        }","        // run the cli","        if (local.global.utility2_rollup || module !== require.main) {","            break;","        }","        local.assetsDict['/assets.example.js'] =","            local.assetsDict['/assets.example.js'] ||","            local.fs.readFileSync(__filename, 'utf8');","        // bug-workaround - long $npm_package_buildCustomOrg","        /* jslint-ignore-begin */","        local.assetsDict['/assets.npmtest_mdns.rollup.js'] =","            local.assetsDict['/assets.npmtest_mdns.rollup.js'] ||","            local.fs.readFileSync(","                local.npmtest_mdns.__dirname + '/lib.npmtest_mdns.js',","                'utf8'","            ).replace((/^#!/), '//');","        /* jslint-ignore-end */","        local.assetsDict['/favicon.ico'] = local.assetsDict['/favicon.ico'] || '';","        // if $npm_config_timeout_exit exists,","        // then exit this process after $npm_config_timeout_exit ms","        if (Number(process.env.npm_config_timeout_exit)) {","            setTimeout(process.exit, Number(process.env.npm_config_timeout_exit));","        }","        // start server","        if (local.global.utility2_serverHttp1) {","            break;","        }","        process.env.PORT = process.env.PORT || '8081';","        console.error('server starting on port ' + process.env.PORT);","        local.http.createServer(function (request, response) {","            request.urlParsed = local.url.parse(request.url);","            if (local.assetsDict[request.urlParsed.pathname] !== undefined) {","                response.end(local.assetsDict[request.urlParsed.pathname]);","                return;","            }","            response.statusCode = 404;","            response.end();","        }).listen(process.env.PORT);","        break;","    }","}());",""],"l":{"26":2,"28":2,"33":2,"35":2,"37":2,"38":2,"39":2,"44":1,"51":2,"55":2,"59":2,"61":2,"69":1,"70":2,"76":2,"79":2,"82":2,"83":2,"85":1,"89":2,"92":1,"93":1,"94":1,"96":1,"97":1,"100":1,"101":1,"103":1,"106":1,"108":2,"114":1,"116":1,"118":1,"123":1,"124":2,"125":2,"126":3,"127":3,"128":3,"129":3,"130":1,"133":3,"134":3,"139":3,"143":1,"144":3,"145":1,"149":1,"150":1,"158":1,"160":1,"161":1,"162":1,"164":1,"166":1,"258":1,"259":1,"271":1,"274":6,"275":6,"277":1,"279":2,"281":1,"283":2,"288":1,"289":1,"291":1,"296":1,"303":1,"306":1,"307":1,"310":1,"311":1,"313":1,"314":1,"315":1,"316":1,"317":1,"318":1,"319":1,"321":1,"322":1,"324":1}},"/home/travis/build/npmtest/node-npmtest-mdns/node_modules/mdns/lib/mdns.js":{"path":"/home/travis/build/npmtest/node-npmtest-mdns/node_modules/mdns/lib/mdns.js","s":{"1":2,"2":0,"3":0,"4":0,"5":0,"6":0,"7":0,"8":0,"9":0,"10":0,"11":0,"12":0,"13":0,"14":0,"15":0,"16":0,"17":0},"b":{},"f":{},"fnMap":{},"statementMap":{"1":{"start":{"line":1,"column":0},"end":{"line":6,"column":3}},"2":{"start":{"line":8,"column":0},"end":{"line":8,"column":24}},"3":{"start":{"line":10,"column":0},"end":{"line":10,"column":47}},"4":{"start":{"line":11,"column":0},"end":{"line":11,"column":54}},"5":{"start":{"line":13,"column":0},"end":{"line":13,"column":40}},"6":{"start":{"line":14,"column":0},"end":{"line":14,"column":47}},"7":{"start":{"line":15,"column":0},"end":{"line":15,"column":46}},"8":{"start":{"line":16,"column":0},"end":{"line":16,"column":40}},"9":{"start":{"line":18,"column":0},"end":{"line":18,"column":60}},"10":{"start":{"line":20,"column":0},"end":{"line":20,"column":37}},"11":{"start":{"line":21,"column":0},"end":{"line":21,"column":45}},"12":{"start":{"line":22,"column":0},"end":{"line":22,"column":39}},"13":{"start":{"line":23,"column":0},"end":{"line":23,"column":39}},"14":{"start":{"line":25,"column":0},"end":{"line":25,"column":50}},"15":{"start":{"line":27,"column":0},"end":{"line":27,"column":40}},"16":{"start":{"line":29,"column":0},"end":{"line":29,"column":51}},"17":{"start":{"line":31,"column":0},"end":{"line":31,"column":40}}},"branchMap":{},"code":["var dns_sd  = require('./dns_sd')","  , ad      = require('./advertisement')","  , browser = require('./browser')","  , st      = require('./service_type')","  , nif     = require('./network_interface')","  ;","","exports.dns_sd = dns_sd;","","exports.Advertisement       = ad.Advertisement;","exports.createAdvertisement = ad.Advertisement.create;","","exports.Browser       = browser.Browser;","exports.createBrowser = browser.Browser.create;","exports.browseThemAll = browser.browseThemAll;","exports.resolve       = browser.resolve;","","exports.MDNSService = require('./mdns_service').MDNSService;","","exports.ServiceType = st.ServiceType;","exports.makeServiceType = st.makeServiceType;","exports.tcp = st.protocolHelper('tcp');","exports.udp = st.protocolHelper('udp');","","exports.loopbackInterface = nif.loopbackInterface;","","exports.dns_sd.exportConstants(exports);","","exports.rst = require('./resolver_sequence_tasks');","","exports.isAvahi = require('./avahi.js');","",""],"l":{"1":2,"8":0,"10":0,"11":0,"13":0,"14":0,"15":0,"16":0,"18":0,"20":0,"21":0,"22":0,"23":0,"25":0,"27":0,"29":0,"31":0}},"/home/travis/build/npmtest/node-npmtest-mdns/node_modules/mdns/lib/dns_sd.js":{"path":"/home/travis/build/npmtest/node-npmtest-mdns/node_modules/mdns/lib/dns_sd.js","s":{"1":18,"2":18,"3":18,"4":18,"5":18,"6":18,"7":18,"8":1,"9":36,"10":0,"11":36,"12":18,"13":18,"14":18,"15":0,"16":0,"17":18,"18":18,"19":0,"20":0},"b":{"1":[18,0],"2":[0,18],"3":[18,0],"4":[18,18],"5":[0,36],"6":[0,18],"7":[0,0],"8":[18,0]},"f":{"1":36},"fnMap":{"1":{"name":"product","line":16,"loc":{"start":{"line":16,"column":0},"end":{"line":16,"column":23}}}},"statementMap":{"1":{"start":{"line":1,"column":0},"end":{"line":1,"column":27}},"2":{"start":{"line":2,"column":0},"end":{"line":2,"column":24}},"3":{"start":{"line":4,"column":0},"end":{"line":8,"column":1}},"4":{"start":{"line":5,"column":2},"end":{"line":5,"column":30}},"5":{"start":{"line":6,"column":2},"end":{"line":6,"column":30}},"6":{"start":{"line":7,"column":2},"end":{"line":7,"column":30}},"7":{"start":{"line":10,"column":0},"end":{"line":12,"column":3}},"8":{"start":{"line":16,"column":0},"end":{"line":21,"column":1}},"9":{"start":{"line":17,"column":2},"end":{"line":19,"column":3}},"10":{"start":{"line":18,"column":4},"end":{"line":18,"column":45}},"11":{"start":{"line":20,"column":2},"end":{"line":20,"column":58}},"12":{"start":{"line":23,"column":0},"end":{"line":37,"column":1}},"13":{"start":{"line":24,"column":2},"end":{"line":24,"column":47}},"14":{"start":{"line":26,"column":2},"end":{"line":30,"column":3}},"15":{"start":{"line":27,"column":4},"end":{"line":29,"column":5}},"16":{"start":{"line":28,"column":6},"end":{"line":28,"column":35}},"17":{"start":{"line":31,"column":2},"end":{"line":36,"column":3}},"18":{"start":{"line":32,"column":4},"end":{"line":32,"column":51}},"19":{"start":{"line":33,"column":4},"end":{"line":33,"column":106}},"20":{"start":{"line":35,"column":4},"end":{"line":35,"column":13}}},"branchMap":{"1":{"line":4,"type":"if","locations":[{"start":{"line":4,"column":0},"end":{"line":4,"column":0}},{"start":{"line":4,"column":0},"end":{"line":4,"column":0}}]},"2":{"line":10,"type":"cond-expr","locations":[{"start":{"line":10,"column":46},"end":{"line":10,"column":55}},{"start":{"line":10,"column":58},"end":{"line":10,"column":67}}]},"3":{"line":10,"type":"binary-expr","locations":[{"start":{"line":10,"column":18},"end":{"line":10,"column":29}},{"start":{"line":10,"column":33},"end":{"line":10,"column":43}}]},"4":{"line":11,"type":"binary-expr","locations":[{"start":{"line":11,"column":16},"end":{"line":11,"column":37}},{"start":{"line":11,"column":41},"end":{"line":11,"column":52}}]},"5":{"line":17,"type":"if","locations":[{"start":{"line":17,"column":2},"end":{"line":17,"column":2}},{"start":{"line":17,"column":2},"end":{"line":17,"column":2}}]},"6":{"line":26,"type":"if","locations":[{"start":{"line":26,"column":2},"end":{"line":26,"column":2}},{"start":{"line":26,"column":2},"end":{"line":26,"column":2}}]},"7":{"line":27,"type":"if","locations":[{"start":{"line":27,"column":4},"end":{"line":27,"column":4}},{"start":{"line":27,"column":4},"end":{"line":27,"column":4}}]},"8":{"line":31,"type":"if","locations":[{"start":{"line":31,"column":2},"end":{"line":31,"column":2}},{"start":{"line":31,"column":2},"end":{"line":31,"column":2}}]}},"code":["var path = require('path');","var major, minor, patch;","","if (process.version.match(/^v(\\d+)\\.(\\d+)\\.(\\d+).*$/)) {","  major = parseInt(RegExp.$1);","  minor = parseInt(RegExp.$2);","  patch = parseInt(RegExp.$3);","}","","var default_dir = major === 0 && minor <= 4 ? 'default' : 'Release'","  , buildtype = process.env.BUILDTYPE || default_dir","  ;","","//console.log(major, minor, patch, default_dir, buildtype);","","function product(type) { ","  if (type === 'Coverage') {","    return path.join('..', 'dns_sd_bindings') ","  }","  return path.join('..', 'build', type, 'dns_sd_bindings') ","}","","try {","  module.exports = require(product(buildtype));","} catch (ex) {","  if (! ex.code) {","    if (/not find/.test(ex)) {","      ex.code = 'MODULE_NOT_FOUND';","    }","  }","  if (ex.code === 'MODULE_NOT_FOUND') {","    module.exports = require(product(default_dir));","    console.warn('dns_sd: failed to load requested ', buildtype, 'build. using', default_dir, 'instead.');","  } else {","    throw ex;","  }","}",""],"l":{"1":18,"2":18,"4":18,"5":18,"6":18,"7":18,"10":18,"16":1,"17":36,"18":0,"20":36,"23":18,"24":18,"26":18,"27":0,"28":0,"31":18,"32":18,"33":0,"35":0}},"/home/travis/build/npmtest/node-npmtest-mdns/node_modules/mdns/lib/advertisement.js":{"path":"/home/travis/build/npmtest/node-npmtest-mdns/node_modules/mdns/lib/advertisement.js","s":{"1":2,"2":0,"3":1,"4":0,"5":0,"6":0,"7":0,"8":0,"9":0,"10":0,"11":0,"12":0,"13":0,"14":0,"15":1,"16":0,"17":0,"18":0,"19":0,"20":0,"21":0,"22":0,"23":0,"24":0,"25":0,"26":0,"27":0,"28":0,"29":0,"30":1,"31":0,"32":0,"33":0,"34":0,"35":0,"36":0,"37":0,"38":0,"39":0,"40":0,"41":1,"42":0,"43":0,"44":0,"45":0,"46":0},"b":{"1":[0,0],"2":[0,0],"3":[0,0],"4":[0,0],"5":[0,0],"6":[0,0],"7":[0,0],"8":[0,0],"9":[0,0],"10":[0,0],"11":[0,0,0],"12":[0,0],"13":[0,0],"14":[0,0],"15":[0,0],"16":[0,0,0],"17":[0,0],"18":[0,0],"19":[0,0,0],"20":[0,0],"21":[0,0,0]},"f":{"1":0,"2":0,"3":0,"4":0,"5":0,"6":0},"fnMap":{"1":{"name":"Advertisement","line":10,"loc":{"start":{"line":10,"column":0},"end":{"line":10,"column":61}}},"2":{"name":"on_service_registered","line":39,"loc":{"start":{"line":39,"column":2},"end":{"line":41,"column":2}}},"3":{"name":"create","line":63,"loc":{"start":{"line":63,"column":23},"end":{"line":63,"column":77}}},"4":{"name":"updateTXTRecord","line":67,"loc":{"start":{"line":67,"column":42},"end":{"line":67,"column":78}}},"5":{"name":"objectToTXTRecord","line":77,"loc":{"start":{"line":77,"column":0},"end":{"line":77,"column":30}}},"6":{"name":"ensure_legal_key","line":95,"loc":{"start":{"line":95,"column":0},"end":{"line":95,"column":34}}}},"statementMap":{"1":{"start":{"line":1,"column":0},"end":{"line":4,"column":3}},"2":{"start":{"line":6,"column":0},"end":{"line":8,"column":3}},"3":{"start":{"line":10,"column":0},"end":{"line":59,"column":1}},"4":{"start":{"line":11,"column":2},"end":{"line":11,"column":25}},"5":{"start":{"line":12,"column":2},"end":{"line":12,"column":18}},"6":{"start":{"line":14,"column":2},"end":{"line":19,"column":3}},"7":{"start":{"line":15,"column":4},"end":{"line":18,"column":5}},"8":{"start":{"line":16,"column":6},"end":{"line":16,"column":25}},"9":{"start":{"line":17,"column":6},"end":{"line":17,"column":19}},"10":{"start":{"line":20,"column":2},"end":{"line":20,"column":26}},"11":{"start":{"line":22,"column":2},"end":{"line":22,"column":45}},"12":{"start":{"line":24,"column":2},"end":{"line":31,"column":5}},"13":{"start":{"line":33,"column":2},"end":{"line":37,"column":3}},"14":{"start":{"line":36,"column":4},"end":{"line":36,"column":45}},"15":{"start":{"line":39,"column":2},"end":{"line":54,"column":3}},"16":{"start":{"line":42,"column":4},"end":{"line":42,"column":49}},"17":{"start":{"line":43,"column":4},"end":{"line":50,"column":5}},"18":{"start":{"line":44,"column":6},"end":{"line":49,"column":18}},"19":{"start":{"line":51,"column":4},"end":{"line":53,"column":5}},"20":{"start":{"line":52,"column":6},"end":{"line":52,"column":32}},"21":{"start":{"line":56,"column":2},"end":{"line":58,"column":15}},"22":{"start":{"line":60,"column":0},"end":{"line":60,"column":41}},"23":{"start":{"line":61,"column":0},"end":{"line":61,"column":38}},"24":{"start":{"line":63,"column":0},"end":{"line":65,"column":1}},"25":{"start":{"line":64,"column":2},"end":{"line":64,"column":65}},"26":{"start":{"line":67,"column":0},"end":{"line":75,"column":1}},"27":{"start":{"line":68,"column":2},"end":{"line":72,"column":3}},"28":{"start":{"line":71,"column":4},"end":{"line":71,"column":45}},"29":{"start":{"line":74,"column":2},"end":{"line":74,"column":72}},"30":{"start":{"line":77,"column":0},"end":{"line":93,"column":1}},"31":{"start":{"line":78,"column":2},"end":{"line":80,"column":5}},"32":{"start":{"line":81,"column":2},"end":{"line":81,"column":34}},"33":{"start":{"line":82,"column":2},"end":{"line":82,"column":48}},"34":{"start":{"line":83,"column":2},"end":{"line":91,"column":3}},"35":{"start":{"line":84,"column":4},"end":{"line":84,"column":24}},"36":{"start":{"line":85,"column":4},"end":{"line":89,"column":5}},"37":{"start":{"line":86,"column":6},"end":{"line":86,"column":19}},"38":{"start":{"line":88,"column":6},"end":{"line":88,"column":24}},"39":{"start":{"line":90,"column":4},"end":{"line":90,"column":47}},"40":{"start":{"line":92,"column":2},"end":{"line":92,"column":16}},"41":{"start":{"line":95,"column":0},"end":{"line":103,"column":1}},"42":{"start":{"line":96,"column":2},"end":{"line":96,"column":11}},"43":{"start":{"line":97,"column":2},"end":{"line":102,"column":3}},"44":{"start":{"line":98,"column":4},"end":{"line":98,"column":29}},"45":{"start":{"line":99,"column":4},"end":{"line":101,"column":5}},"46":{"start":{"line":100,"column":6},"end":{"line":100,"column":81}}},"branchMap":{"1":{"line":14,"type":"if","locations":[{"start":{"line":14,"column":2},"end":{"line":14,"column":2}},{"start":{"line":14,"column":2},"end":{"line":14,"column":2}}]},"2":{"line":15,"type":"if","locations":[{"start":{"line":15,"column":4},"end":{"line":15,"column":4}},{"start":{"line":15,"column":4},"end":{"line":15,"column":4}}]},"3":{"line":20,"type":"binary-expr","locations":[{"start":{"line":20,"column":12},"end":{"line":20,"column":19}},{"start":{"line":20,"column":23},"end":{"line":20,"column":25}}]},"4":{"line":24,"type":"binary-expr","locations":[{"start":{"line":24,"column":18},"end":{"line":24,"column":31}},{"start":{"line":24,"column":44},"end":{"line":24,"column":45}}]},"5":{"line":26,"type":"binary-expr","locations":[{"start":{"line":26,"column":18},"end":{"line":26,"column":30}},{"start":{"line":26,"column":44},"end":{"line":26,"column":48}}]},"6":{"line":27,"type":"binary-expr","locations":[{"start":{"line":27,"column":18},"end":{"line":27,"column":32}},{"start":{"line":27,"column":44},"end":{"line":27,"column":48}}]},"7":{"line":28,"type":"binary-expr","locations":[{"start":{"line":28,"column":18},"end":{"line":28,"column":30}},{"start":{"line":28,"column":44},"end":{"line":28,"column":48}}]},"8":{"line":29,"type":"binary-expr","locations":[{"start":{"line":29,"column":18},"end":{"line":29,"column":35}},{"start":{"line":29,"column":44},"end":{"line":29,"column":48}}]},"9":{"line":30,"type":"binary-expr","locations":[{"start":{"line":30,"column":18},"end":{"line":30,"column":33}},{"start":{"line":30,"column":44},"end":{"line":30,"column":48}}]},"10":{"line":33,"type":"if","locations":[{"start":{"line":33,"column":2},"end":{"line":33,"column":2}},{"start":{"line":33,"column":2},"end":{"line":33,"column":2}}]},"11":{"line":33,"type":"binary-expr","locations":[{"start":{"line":33,"column":6},"end":{"line":33,"column":15}},{"start":{"line":33,"column":19},"end":{"line":33,"column":48}},{"start":{"line":34,"column":6},"end":{"line":34,"column":80}}]},"12":{"line":34,"type":"binary-expr","locations":[{"start":{"line":34,"column":9},"end":{"line":34,"column":49}},{"start":{"line":34,"column":53},"end":{"line":34,"column":79}}]},"13":{"line":43,"type":"if","locations":[{"start":{"line":43,"column":4},"end":{"line":43,"column":4}},{"start":{"line":43,"column":4},"end":{"line":43,"column":4}}]},"14":{"line":51,"type":"if","locations":[{"start":{"line":51,"column":4},"end":{"line":51,"column":4}},{"start":{"line":51,"column":4},"end":{"line":51,"column":4}}]},"15":{"line":68,"type":"if","locations":[{"start":{"line":68,"column":2},"end":{"line":68,"column":2}},{"start":{"line":68,"column":2},"end":{"line":68,"column":2}}]},"16":{"line":68,"type":"binary-expr","locations":[{"start":{"line":68,"column":6},"end":{"line":68,"column":15}},{"start":{"line":68,"column":19},"end":{"line":68,"column":48}},{"start":{"line":69,"column":6},"end":{"line":69,"column":80}}]},"17":{"line":69,"type":"binary-expr","locations":[{"start":{"line":69,"column":9},"end":{"line":69,"column":49}},{"start":{"line":69,"column":53},"end":{"line":69,"column":79}}]},"18":{"line":85,"type":"if","locations":[{"start":{"line":85,"column":4},"end":{"line":85,"column":4}},{"start":{"line":85,"column":4},"end":{"line":85,"column":4}}]},"19":{"line":85,"type":"binary-expr","locations":[{"start":{"line":85,"column":8},"end":{"line":85,"column":26}},{"start":{"line":85,"column":30},"end":{"line":85,"column":43}},{"start":{"line":85,"column":47},"end":{"line":85,"column":68}}]},"20":{"line":99,"type":"if","locations":[{"start":{"line":99,"column":4},"end":{"line":99,"column":4}},{"start":{"line":99,"column":4},"end":{"line":99,"column":4}}]},"21":{"line":99,"type":"binary-expr","locations":[{"start":{"line":99,"column":8},"end":{"line":99,"column":16}},{"start":{"line":99,"column":20},"end":{"line":99,"column":28}},{"start":{"line":99,"column":32},"end":{"line":99,"column":42}}]}},"code":["var dns_sd = require('./dns_sd')","  , nif = require('./network_interface')","  , util = require('util')","  ;","","var MDNSService = require('./mdns_service').MDNSService","  , makeServiceType = require('./service_type').makeServiceType","  ;","","function Advertisement(serviceType, port, options, callback) {","  MDNSService.call(this);","  var self = this;","","  if ( ! callback) {","    if (typeof options === 'function') {","      callback = options;","      options = {};","    }","  }","  options = options || {};","","  serviceType = makeServiceType(serviceType);","","  var flags     = options.flags          || 0","    , ifaceIdx  = nif.interfaceIndex(options)","    , name      = options.name           || null","    , domain    = options.domain         || null","    , host      = options.host           || null","    , txtRecord = options.txtRecord      || null","    , context   = options.context        || null","    ;","","  if (txtRecord && typeof txtRecord === 'object' &&","      ! (txtRecord instanceof dns_sd.TXTRecordRef || Buffer.isBuffer(txtRecord)))","  {","    txtRecord = objectToTXTRecord(txtRecord);","  }","","  function on_service_registered(serviceRef, flags, errorCode, name,","      serviceType, domain, context)","  {","    var error = dns_sd.buildException(errorCode);","    if (callback) {","      callback.call(self, error, {","          name:    name","        , type:    makeServiceType(serviceType)","        , domain:  domain","        , flags:   flags","      }, context);","    }","    if (error) {","      self.emit('error', error);","    }","  }","","  dns_sd.DNSServiceRegister(self.serviceRef, flags, ifaceIdx, name,","      '' + serviceType, domain, host, port, txtRecord, on_service_registered,","      context);","}","util.inherits(Advertisement, MDNSService)","exports.Advertisement = Advertisement;","","Advertisement.create = function create(serviceType, port, options, callback) {","  return new Advertisement(serviceType, port, options, callback);","}","","Advertisement.prototype.updateTXTRecord = function updateTXTRecord(txtRecord) {","  if (txtRecord && typeof txtRecord === 'object' &&","      ! (txtRecord instanceof dns_sd.TXTRecordRef || Buffer.isBuffer(txtRecord)))","  {","    txtRecord = objectToTXTRecord(txtRecord);","  }","","  dns_sd.DNSServiceUpdateRecord(this.serviceRef, null, 0, txtRecord, 0);","}","","function objectToTXTRecord(o) {","  var record = new dns_sd.TXTRecordRef()","    , value","    ;","  record.buffer = new Buffer(256);","  dns_sd.TXTRecordCreate(record, record.buffer);","  for (var p in o) {","    ensure_legal_key(p);","    if (o[p] === undefined || o[p] === null || Buffer.isBuffer(o[p])) {","      value = o[p];","    } else {","      value = '' + o[p];","    }","    dns_sd.TXTRecordSetValue(record, p, value);","  }","  return record;","}","","function ensure_legal_key(string) {","  var i, c;","  for (i = 0; i < string.length; ++i) {","    c = string.charCodeAt(i);","    if (c < 0x20 || c > 0x7e || c === 0x3d) {","      throw new Error(\"key must be all printable ascii characters exluding '='\");","    }","  }","}",""],"l":{"1":2,"6":0,"10":1,"11":0,"12":0,"14":0,"15":0,"16":0,"17":0,"20":0,"22":0,"24":0,"33":0,"36":0,"39":1,"42":0,"43":0,"44":0,"51":0,"52":0,"56":0,"60":0,"61":0,"63":0,"64":0,"67":0,"68":0,"71":0,"74":0,"77":1,"78":0,"81":0,"82":0,"83":0,"84":0,"85":0,"86":0,"88":0,"90":0,"92":0,"95":1,"96":0,"97":0,"98":0,"99":0,"100":0}},"/home/travis/build/npmtest/node-npmtest-mdns/node_modules/mdns/lib/avahi.js":{"path":"/home/travis/build/npmtest/node-npmtest-mdns/node_modules/mdns/lib/avahi.js","s":{"1":2,"2":1,"3":0,"4":0,"5":0,"6":0,"7":0,"8":0,"9":0,"10":0,"11":0,"12":0,"13":0},"b":{"1":[0,0],"2":[0,0],"3":[0,0]},"f":{"1":0},"fnMap":{"1":{"name":"supportsInterfaceIndexLocalOnly","line":3,"loc":{"start":{"line":3,"column":0},"end":{"line":3,"column":43}}}},"statementMap":{"1":{"start":{"line":1,"column":0},"end":{"line":1,"column":33}},"2":{"start":{"line":3,"column":0},"end":{"line":30,"column":1}},"3":{"start":{"line":4,"column":2},"end":{"line":27,"column":3}},"4":{"start":{"line":5,"column":4},"end":{"line":16,"column":7}},"5":{"start":{"line":17,"column":4},"end":{"line":18,"column":39}},"6":{"start":{"line":20,"column":4},"end":{"line":25,"column":5}},"7":{"start":{"line":21,"column":6},"end":{"line":23,"column":7}},"8":{"start":{"line":22,"column":8},"end":{"line":22,"column":43}},"9":{"start":{"line":24,"column":6},"end":{"line":24,"column":19}},"10":{"start":{"line":26,"column":4},"end":{"line":26,"column":67}},"11":{"start":{"line":28,"column":2},"end":{"line":28,"column":37}},"12":{"start":{"line":29,"column":2},"end":{"line":29,"column":14}},"13":{"start":{"line":32,"column":0},"end":{"line":32,"column":53}}},"branchMap":{"1":{"line":20,"type":"if","locations":[{"start":{"line":20,"column":4},"end":{"line":20,"column":4}},{"start":{"line":20,"column":4},"end":{"line":20,"column":4}}]},"2":{"line":21,"type":"if","locations":[{"start":{"line":21,"column":6},"end":{"line":21,"column":6}},{"start":{"line":21,"column":6},"end":{"line":21,"column":6}}]},"3":{"line":21,"type":"binary-expr","locations":[{"start":{"line":21,"column":10},"end":{"line":21,"column":12}},{"start":{"line":21,"column":16},"end":{"line":21,"column":30}}]}},"code":["var dns_sd = require('./dns_sd');","","function supportsInterfaceIndexLocalOnly() {","  try {","    var sr = new dns_sd.DNSServiceRef()","      , flags  = 0","      , iface  = dns_sd.kDNSServiceInterfaceIndexLocalOnly","      , name   = null","      , type   = '_http._tcp'","      , domain = null","      , host   = null","      , port   = 4321","      , txtRec = null","      , cb     = null","      , ctx    = null","      ;","    dns_sd.DNSServiceRegister( sr, flags, iface, name, type, domain,","          host, port, txtRec, cb, ctx);","  } catch (ex) {","    if (ex.errorCode === dns_sd.kDNSServiceErr_Unsupported) {","      if (sr && sr.initialized) {","        dns_sd.DNSServiceRefDeallocate(sr);","      }","      return false;","    }","    console.warn('Unexpected result while probing for avahi:', ex);","  }","  dns_sd.DNSServiceRefDeallocate(sr);","  return true;","}","","module.exports = ! supportsInterfaceIndexLocalOnly();",""],"l":{"1":2,"3":1,"4":0,"5":0,"17":0,"20":0,"21":0,"22":0,"24":0,"26":0,"28":0,"29":0,"32":0}},"/home/travis/build/npmtest/node-npmtest-mdns/node_modules/mdns/lib/browser.js":{"path":"/home/travis/build/npmtest/node-npmtest-mdns/node_modules/mdns/lib/browser.js","s":{"1":2,"2":0,"3":0,"4":0,"5":0,"6":0,"7":0,"8":1,"9":1,"10":0,"11":0,"12":0,"13":0,"14":0,"15":0,"16":0,"17":0,"18":0,"19":0,"20":0,"21":0,"22":0,"23":0,"24":0,"25":0,"26":0,"27":0,"28":0,"29":0,"30":0,"31":0,"32":0,"33":0,"34":0,"35":0,"36":0,"37":0,"38":0,"39":0,"40":0,"41":0,"42":0,"43":0,"44":0,"45":0,"46":0,"47":1,"48":0,"49":0,"50":0,"51":0,"52":0,"53":0,"54":0,"55":0,"56":0,"57":0,"58":0,"59":0,"60":0,"61":0,"62":0},"b":{"1":[0,0],"2":[0,0],"3":[0,0],"4":[0,0],"5":[0,0],"6":[0,0],"7":[0,0],"8":[0,0],"9":[0,0],"10":[0,0],"11":[0,0],"12":[0,0],"13":[0,0],"14":[0,0],"15":[0,0],"16":[0,0],"17":[0,0],"18":[0,0],"19":[0,0],"20":[0,0]},"f":{"1":0,"2":0,"3":0,"4":0,"5":0,"6":0,"7":0},"fnMap":{"1":{"name":"Browser","line":9,"loc":{"start":{"line":9,"column":32},"end":{"line":9,"column":71}}},"2":{"name":"on_service_changed","line":23,"loc":{"start":{"line":23,"column":2},"end":{"line":25,"column":2}}},"3":{"name":"on_resolver_done","line":26,"loc":{"start":{"line":26,"column":4},"end":{"line":26,"column":46}}},"4":{"name":"resolve","line":91,"loc":{"start":{"line":91,"column":32},"end":{"line":91,"column":78}}},"5":{"name":"next","line":98,"loc":{"start":{"line":98,"column":2},"end":{"line":98,"column":23}}},"6":{"name":"create","line":113,"loc":{"start":{"line":113,"column":17},"end":{"line":113,"column":55}}},"7":{"name":"browseThemAll","line":123,"loc":{"start":{"line":123,"column":24},"end":{"line":123,"column":56}}}},"statementMap":{"1":{"start":{"line":1,"column":0},"end":{"line":7,"column":3}},"2":{"start":{"line":9,"column":0},"end":{"line":88,"column":1}},"3":{"start":{"line":10,"column":2},"end":{"line":10,"column":25}},"4":{"start":{"line":11,"column":2},"end":{"line":11,"column":18}},"5":{"start":{"line":13,"column":2},"end":{"line":13,"column":26}},"6":{"start":{"line":14,"column":2},"end":{"line":18,"column":57}},"7":{"start":{"line":21,"column":2},"end":{"line":21,"column":26}},"8":{"start":{"line":23,"column":2},"end":{"line":84,"column":3}},"9":{"start":{"line":26,"column":4},"end":{"line":33,"column":5}},"10":{"start":{"line":27,"column":6},"end":{"line":32,"column":7}},"11":{"start":{"line":28,"column":8},"end":{"line":28,"column":43}},"12":{"start":{"line":30,"column":8},"end":{"line":30,"column":54}},"13":{"start":{"line":31,"column":8},"end":{"line":31,"column":49}},"14":{"start":{"line":34,"column":4},"end":{"line":83,"column":5}},"15":{"start":{"line":35,"column":6},"end":{"line":38,"column":7}},"16":{"start":{"line":36,"column":8},"end":{"line":36,"column":73}},"17":{"start":{"line":37,"column":8},"end":{"line":37,"column":27}},"18":{"start":{"line":40,"column":6},"end":{"line":40,"column":15}},"19":{"start":{"line":42,"column":6},"end":{"line":47,"column":7}},"20":{"start":{"line":43,"column":8},"end":{"line":43,"column":47}},"21":{"start":{"line":45,"column":8},"end":{"line":45,"column":30}},"22":{"start":{"line":46,"column":8},"end":{"line":46,"column":15}},"23":{"start":{"line":49,"column":6},"end":{"line":54,"column":8}},"24":{"start":{"line":55,"column":6},"end":{"line":55,"column":53}},"25":{"start":{"line":55,"column":23},"end":{"line":55,"column":53}},"26":{"start":{"line":57,"column":6},"end":{"line":71,"column":7}},"27":{"start":{"line":58,"column":8},"end":{"line":58,"column":54}},"28":{"start":{"line":59,"column":13},"end":{"line":71,"column":7}},"29":{"start":{"line":60,"column":8},"end":{"line":70,"column":9}},"30":{"start":{"line":61,"column":10},"end":{"line":61,"column":69}},"31":{"start":{"line":63,"column":10},"end":{"line":63,"column":62}},"32":{"start":{"line":65,"column":10},"end":{"line":69,"column":11}},"33":{"start":{"line":66,"column":12},"end":{"line":66,"column":64}},"34":{"start":{"line":68,"column":12},"end":{"line":68,"column":34}},"35":{"start":{"line":73,"column":6},"end":{"line":80,"column":7}},"36":{"start":{"line":74,"column":8},"end":{"line":76,"column":30}},"37":{"start":{"line":78,"column":8},"end":{"line":78,"column":54}},"38":{"start":{"line":79,"column":8},"end":{"line":79,"column":51}},"39":{"start":{"line":82,"column":6},"end":{"line":82,"column":59}},"40":{"start":{"line":86,"column":2},"end":{"line":87,"column":43}},"41":{"start":{"line":89,"column":0},"end":{"line":89,"column":36}},"42":{"start":{"line":91,"column":0},"end":{"line":111,"column":1}},"43":{"start":{"line":92,"column":2},"end":{"line":92,"column":15}},"44":{"start":{"line":93,"column":2},"end":{"line":96,"column":3}},"45":{"start":{"line":94,"column":4},"end":{"line":94,"column":24}},"46":{"start":{"line":95,"column":4},"end":{"line":95,"column":47}},"47":{"start":{"line":98,"column":2},"end":{"line":108,"column":3}},"48":{"start":{"line":99,"column":4},"end":{"line":102,"column":5}},"49":{"start":{"line":100,"column":6},"end":{"line":100,"column":31}},"50":{"start":{"line":101,"column":6},"end":{"line":101,"column":13}},"51":{"start":{"line":103,"column":4},"end":{"line":106,"column":5}},"52":{"start":{"line":104,"column":6},"end":{"line":104,"column":35}},"53":{"start":{"line":105,"column":6},"end":{"line":105,"column":13}},"54":{"start":{"line":107,"column":4},"end":{"line":107,"column":36}},"55":{"start":{"line":110,"column":2},"end":{"line":110,"column":9}},"56":{"start":{"line":113,"column":0},"end":{"line":115,"column":1}},"57":{"start":{"line":114,"column":2},"end":{"line":114,"column":43}},"58":{"start":{"line":117,"column":0},"end":{"line":121,"column":2}},"59":{"start":{"line":123,"column":0},"end":{"line":127,"column":1}},"60":{"start":{"line":124,"column":2},"end":{"line":124,"column":25}},"61":{"start":{"line":125,"column":2},"end":{"line":125,"column":60}},"62":{"start":{"line":126,"column":2},"end":{"line":126,"column":58}}},"branchMap":{"1":{"line":13,"type":"binary-expr","locations":[{"start":{"line":13,"column":12},"end":{"line":13,"column":19}},{"start":{"line":13,"column":23},"end":{"line":13,"column":25}}]},"2":{"line":14,"type":"binary-expr","locations":[{"start":{"line":14,"column":14},"end":{"line":14,"column":27}},{"start":{"line":14,"column":43},"end":{"line":14,"column":44}}]},"3":{"line":16,"type":"binary-expr","locations":[{"start":{"line":16,"column":15},"end":{"line":16,"column":29}},{"start":{"line":16,"column":43},"end":{"line":16,"column":47}}]},"4":{"line":17,"type":"binary-expr","locations":[{"start":{"line":17,"column":16},"end":{"line":17,"column":31}},{"start":{"line":17,"column":43},"end":{"line":17,"column":47}}]},"5":{"line":27,"type":"if","locations":[{"start":{"line":27,"column":6},"end":{"line":27,"column":6}},{"start":{"line":27,"column":6},"end":{"line":27,"column":6}}]},"6":{"line":34,"type":"if","locations":[{"start":{"line":34,"column":4},"end":{"line":34,"column":4}},{"start":{"line":34,"column":4},"end":{"line":34,"column":4}}]},"7":{"line":35,"type":"if","locations":[{"start":{"line":35,"column":6},"end":{"line":35,"column":6}},{"start":{"line":35,"column":6},"end":{"line":35,"column":6}}]},"8":{"line":55,"type":"if","locations":[{"start":{"line":55,"column":6},"end":{"line":55,"column":6}},{"start":{"line":55,"column":6},"end":{"line":55,"column":6}}]},"9":{"line":57,"type":"if","locations":[{"start":{"line":57,"column":6},"end":{"line":57,"column":6}},{"start":{"line":57,"column":6},"end":{"line":57,"column":6}}]},"10":{"line":59,"type":"if","locations":[{"start":{"line":59,"column":13},"end":{"line":59,"column":13}},{"start":{"line":59,"column":13},"end":{"line":59,"column":13}}]},"11":{"line":59,"type":"binary-expr","locations":[{"start":{"line":59,"column":17},"end":{"line":59,"column":61}},{"start":{"line":59,"column":65},"end":{"line":59,"column":77}}]},"12":{"line":65,"type":"if","locations":[{"start":{"line":65,"column":10},"end":{"line":65,"column":10}},{"start":{"line":65,"column":10},"end":{"line":65,"column":10}}]},"13":{"line":73,"type":"if","locations":[{"start":{"line":73,"column":6},"end":{"line":73,"column":6}},{"start":{"line":73,"column":6},"end":{"line":73,"column":6}}]},"14":{"line":75,"type":"binary-expr","locations":[{"star
[...]
77,"column":38}},"80":{"start":{"line":178,"column":4},"end":{"line":178,"column":80}},"81":{"start":{"line":178,"column":42},"end":{"line":178,"column":77}},"82":{"start":{"line":179,"column":4},"end":{"line":179,"column":40}},"83":{"start":{"line":179,"column":19},"end":{"line":179,"column":40}},"84":{"start":{"line":181,"column":2},"end":{"line":181,"column":23}},"85":{"start":{"line":182,"column":2},"end":{"line":182,"column":33}},"86":{"start":{"line":183,"column":2},"end":{"line":185,"column":3}},"87":{"start":{"line":184,"column":4},"end":{"line":184,"column":10}},"88":{"start":{"line":187,"column":2},"end":{"line":187,"column":77}},"89":{"start":{"line":187,"column":33},"end":{"line":187,"column":75}},"90":{"start":{"line":191,"column":0},"end":{"line":204,"column":1}},"91":{"start":{"line":192,"column":2},"end":{"line":192,"column":27}},"92":{"start":{"line":193,"column":2},"end":{"line":202,"column":3}},"93":{"start":{"line":194,"column":4},"end":{"line":194,"column":15}},"94":{"start":{"line":195,"column":4},"end":{"line":198,"column":5}},"95":{"start":{"line":196,"column":6},"end":{"line":196,"column":24}},"96":{"start":{"line":197,"column":6},"end":{"line":197,"column":16}},"97":{"start":{"line":199,"column":4},"end":{"line":201,"column":5}},"98":{"start":{"line":200,"column":6},"end":{"line":200,"column":11}},"99":{"start":{"line":203,"column":2},"end":{"line":203,"column":78}},"100":{"start":{"line":203,"column":31},"end":{"line":203,"column":75}}},"branchMap":{"1":{"line":22,"type":"binary-expr","locations":[{"start":{"line":22,"column":30},"end":{"line":22,"column":49}},{"start":{"line":22,"column":53},"end":{"line":22,"column":66}}]},"2":{"line":45,"type":"if","locations":[{"start":{"line":45,"column":9},"end":{"line":45,"column":9}},{"start":{"line":45,"column":9},"end":{"line":45,"column":9}}]},"3":{"line":88,"type":"if","locations":[{"start":{"line":88,"column":4},"end":{"line":88,"column":4}},{"start":{"line":88,"column":4},"end":{"line":88,"column":4}}]},"4":{"line":96,"type":"cond-expr","locations":[{"start":{"line":96,"column":50},"end":{"line":96,"column":69}},{"start":{"line":96,"column":72},"end":{"line":96,"column":80}}]},"5":{"line":104,"type":"if","locations":[{"start":{"line":104,"column":2},"end":{"line":104,"column":2}},{"start":{"line":104,"column":2},"end":{"line":104,"column":2}}]},"6":{"line":137,"type":"if","locations":[{"start":{"line":137,"column":6},"end":{"line":137,"column":6}},{"start":{"line":137,"column":6},"end":{"line":137,"column":6}}]},"7":{"line":145,"type":"if","locations":[{"start":{"line":145,"column":4},"end":{"line":145,"column":4}},{"start":{"line":145,"column":4},"end":{"line":145,"column":4}}]},"8":{"line":154,"type":"if","locations":[{"start":{"line":154,"column":4},"end":{"line":154,"column":4}},{"start":{"line":154,"column":4},"end":{"line":154,"column":4}}]},"9":{"line":179,"type":"if","locations":[{"start":{"line":179,"column":4},"end":{"line":179,"column":4}},{"start":{"line":179,"column":4},"end":{"line":179,"column":4}}]},"10":{"line":183,"type":"if","locations":[{"start":{"line":183,"column":2},"end":{"line":183,"column":2}},{"start":{"line":183,"column":2},"end":{"line":183,"column":2}}]},"11":{"line":195,"type":"if","locations":[{"start":{"line":195,"column":4},"end":{"line":195,"column":4}},{"start":{"line":195,"column":4},"end":{"line":195,"column":4}}]},"12":{"line":195,"type":"binary-expr","locations":[{"start":{"line":195,"column":8},"end":{"line":195,"column":13}},{"start":{"line":195,"column":17},"end":{"line":195,"column":28}}]},"13":{"line":199,"type":"if","locations":[{"start":{"line":199,"column":4},"end":{"line":199,"column":4}},{"start":{"line":199,"column":4},"end":{"line":199,"column":4}}]},"14":{"line":199,"type":"binary-expr","locations":[{"start":{"line":199,"column":9},"end":{"line":199,"column":20}},{"start":{"line":199,"column":24},"end":{"line":199,"column":46}}]}},"code":["//#!/usr/bin/env node","","var fs = require('fs')","  , path = require('path')","  , nopt = require('nopt')","  , mm = require('minimatch')","  , lcov = require('./lcov')","  , slide = require('slide')","  , ejs = require('ejs')","  , mkdirp = require('mkdirp')","  , view = require('./view')","  , obj = require('./obj')","","  , knownOptions =","    { match    : String","    , template : path","    }","  , parsedOptions = nopt(knownOptions)","  , rootd = path.resolve(__dirname, '..', '..')","  ;","","var filefilter = mm.Minimatch(parsedOptions.match || rootd + '/**');","filter = function(f) { return filefilter.match(f) };","","var chain = slide.chain","  , meta = {}","  , outd = path.join(rootd, 'build')","  , pagedir = path.join(outd, 'pages')","  , docd = path.join(rootd, 'doc')","  , lcov_info_file = path.join(outd, 'reports', 'coverage', 'cpp', 'testrun_all.info')","  , json_report = path.join(outd, 'reports', 'coverage', 'testrun_coverage-cpp.json')","  , prerequisites =","    { layout: path.join(docd, 'layout.ejs')","    , source_template: path.join(docd, 'build', 'source.ejs')","    }","  ;","","chain( [ [ load_prerequisites, meta, prerequisites]","       , [ lcov.infoFileToJson, lcov_info_file, filter]","       , [ save_json, chain.last, json_report]","       , [ render_pages, chain.last]","       ]","     , function(error) {","         console.log('done', error);","         if (error) { process.exit(1) }","       }","     );","","function save_json(report, file, cb) {","  fs.writeFile(file, JSON.stringify(report, null, 2), function(err) {","    console.log('================================================================================');","    console.log('testrun c++ coverage report saved to', file.replace(/.*\\/(build\\/.*)/, \"$1\"));","    console.log('================================================================================');","    cb(err, report);","  });","}","","function render_pages(coverage, cb) {","  var pages = Object.keys(coverage.files)","    , stripped_names = strip_common_path(pages, 1)","    , funcs = pages.map(function(p,i) {","        return [render_source_page, p, stripped_names[i], coverage.files[p], coverage.functionCount, meta]","      })","    ;","  bunch(funcs, cb);","}","","function render_source_page(file, stripped_name, coverage, functions, meta, cb) {","  var outfile = path.join(pagedir, 'coverage', stripped_name) + '.html';","  chain( [ [ fs.readFile, file ]","         , [ render_source_view, chain.last, stripped_name, coverage, functions, outfile, meta ]","         , [ mkdirp, path.dirname(outfile) ]","         , [ fs.writeFile, outfile, chain.last ]","         ]","       , cb","       )","}","","function pad(n, len) {","  var str = '' + n;","  while (str.length < len) { str = ' ' + str }","  return str","}","","function hit_counts(coverage, line_count) {","  var hit_lines = [];","  for (var i = 1; i <= line_count; ++i) {","    if (coverage.lines[i]) {","      hit_lines.push(coverage.lines[i])","    } else {","      hit_lines.push(0)","    }","  }","  var num_digits = number_of_digits( Math.max.apply(null, hit_lines))","    ;","  return hit_lines.map(function(lc) { return lc ? pad(lc, num_digits) : '&nbsp;' }).join('\\n')","}","","function number_of_digits(n) { return Math.ceil(Math.log(n)/Math.LN10) }","","function render_source_view(source, name, coverage, functions, dst, meta, cb) {","  var lines = source.toString().split('\\n')","    ;","  if (lines[lines.length - 1] === '') {","    lines.pop()","  }","","  var metadata =","    { stylesheets: ","      [ '/stylesheets/mdns.css'","      , '/stylesheets/build_status.css'","      ]","    , scripts: []","    , title: 'Test Coverage of ' + name","    };","  var locals = { lines: lines","               , coverage: coverage","               , path: name.split('/')","               , escape: require('ejs/lib/utils').escape","               , counts: found_and_hit(coverage, functions)","               };","  locals = obj.union(locals, view.helpers(metadata, {outputDir: pagedir, dst: dst}));","  metadata.body = ejs.render(meta.source_template.toString(), locals);","  metadata.path = view.getPathHelper({outputDir: pagedir, dst: dst});","  var html = ejs.render(meta.layout.toString(), metadata);","  cb(null, html);","}","","function found_and_hit(coverage, function_calls) {","  var result = { lines:     {found: 0, hit: 0}","               , functions: {found: 0, hit: 0}","               , branches:  {found: 0, hit: 0}","               };","  function fnh(things, out) {","    for (var p in things) {","      out.found += 1;","      if (things[p] > 0) {","        out.hit += 1;","      }","    }","  }","  fnh(coverage.lines, result.lines);","  for (var f in coverage.functions) {","    result.functions.found += 1;","    if (function_calls[f] > 0) {","      result.functions.hit += 1;","    }","  }","  return result;","}","","function load(file, data, name, cb) {","  fs.readFile(file, function(error, content) {","    if (error) { cb(error); return }","    data[name] = content;","    cb()","  });","}","","function load_prerequisites(data, things, cb) {","  var funcs = [];","  for (var p in things) {","    funcs.push([load, things[p], data, p]);","  }","","  bunch(funcs, cb);","}","","","function strip_common_path(names, keep_common) {","  var paths = names.map(function(n) {return n.split('/')})","    , common_elements = 0","    , first","    , all_equal = true;","    ;","  while (all_equal) {","    first = paths[0][common_elements];","    all_equal = paths.every(function(p) { return p[common_elements] === first});","    if (all_equal) common_elements += 1;","  }","  common_elements -= 1;","  common_elements -= keep_common;","  if (common_elements < 0) {","    return","  }","","  return paths.map(function(p) { return p.slice(common_elements).join('/') })","","}","","function bunch(things, cb) {","  var count = 0, has_error;","  function done(error) {","    count += 1;","    if (error && ! has_error) {","      has_error = error;","      cb(error);","    }","    if ( ! has_error && count == things.length) {","      cb();","    }","  }","  things.forEach(function(t) { t[0].apply(null, t.slice(1).concat([done])) });","}","","// vim: filetype=javascript :",""],"l":{"3":2,"22":0,"23":0,"25":0,"38":0,"44":0,"45":0,"49":1,"50":0,"51":0,"52":0,"53":0,"54":0,"58":1,"59":0,"62":0,"65":0,"68":1,"69":0,"70":0,"79":1,"80":0,"81":0,"82":0,"85":1,"86":0,"87":0,"88":0,"89":0,"91":0,"94":0,"96":0,"99":1,"101":1,"102":0,"104":0,"105":0,"108":0,"116":0,"122":0,"123":0,"124":0,"125":0,"126":0,"129":1,"130":0,"134":1,"135":0,"136":0,"137":0,"138":0,"142":0,"143":0,"144":0,"145":0,"146":0,"149":0,"152":1,"153":0,"154":0,"155":0,"156":0,"160":1,"161":0,"162":0,"163":0,"166":0,"170":1,"171":0,"176":0,"177":0,"178":0,"179":0,"181":0,"182":0,"183":0,"184":0,"187":0,"191":1,"192":0,"193":1,"194":0,"195":0,"196":0,"197":0,"199":0,"200":0,"203":0}},"/home/travis/build/npmtest/node-npmtest-mdns/node_modules/mdns/utils/lib/obj.js":{"path":"/home/travis/build/npmtest/node-npmtest-mdns/node_modules/mdns/utils/lib/obj.js","s":{"1":1,"2":0,"3":0,"4":0,"5":0,"6":0,"7":0,"8":0},"b":{"1":[0,0]},"f":{"1":0},"fnMap":{"1":{"name":"union","line":1,"loc":{"start":{"line":1,"column":16},"end":{"line":1,"column":59}}}},"statementMap":{"1":{"start":{"line":1,"column":0},"end":{"line":12,"column":1}},"2":{"start":{"line":2,"column":2},"end":{"line":4,"column":3}},"3":{"start":{"line":3,"column":4},"end":{"line":3,"column":63}},"4":{"start":{"line":5,"column":2},"end":{"line":5,"column":18}},"5":{"start":{"line":6,"column":2},"end":{"line":10,"column":3}},"6":{"start":{"line":7,"column":4},"end":{"line":9,"column":5}},"7":{"start":{"line":8,"column":6},"end":{"line":8,"column":34}},"8":{"start":{"line":11,"column":2},"end":{"line":11,"column":16}}},"branchMap":{"1":{"line":2,"type":"if","locations":[{"start":{"line":2,"column":2},"end":{"line":2,"column":2}},{"start":{"line":2,"column":2},"end":{"line":2,"column":2}}]}},"code":["exports.union = function union(/* object, object, ... */)  {","  if (arguments.length < 2) {","    throw new Error('union() requires at least two arguments');","  }","  var result = {};","  for (var i in arguments) {","    for (var p in arguments[i]) {","      result[p] = arguments[i][p];","    }","  }","  return result;","}",""],"l":{"1":1,"2":0,"3":0,"5":0,"6":0,"7":0,"8":0,"11":0}},"/home/travis/build/npmtest/node-npmtest-mdns/node_modules/mdns/utils/lib/view.js":{"path":"/home/travis/build/npmtest/node-npmtest-mdns/node_modules/mdns/utils/lib/view.js","s":{"1":2,"2":0,"3":0,"4":0,"5":0,"6":0,"7":0,"8":0,"9":0,"10":0,"11":0,"12":0,"13":0,"14":0,"15":0,"16":0,"17":0,"18":0,"19":0,"20":0,"21":0,"22":0,"23":1,"24":0,"25":0,"26":0,"27":0,"28":0,"29":0,"30":0,"31":0,"32":0,"33":0,"34":0,"35":0,"36":0,"37":0,"38":0,"39":0,"40":0,"41":0,"42":0},"b":{"1":[0,0],"2":[0,0],"3":[0,0],"4":[0,0],"5":[0,0],"6":[0,0]},"f":{"1":0,"2":0,"3":0,"4":0,"5":0,"6":0,"7":0,"8":0,"9":0,"10":0,"11":0},"fnMap":{"1":{"name":"make_relative","line":7,"loc":{"start":{"line":7,"column":24},"end":{"line":7,"column":65}}},"2":{"name":"(anonymous_2)","line":14,"loc":{"start":{"line":14,"column":19},"end":{"line":14,"column":31}}},"3":{"name":"helpers","line":17,"loc":{"start":{"line":17,"column":32},"end":{"line":17,"column":63}}},"4":{"name":"title","line":20,"loc":{"start":{"line":20,"column":18},"end":{"line":20,"column":36}}},"5":{"name":"script","line":21,"loc":{"start":{"line":21,"column":19},"end":{"line":21,"column":38}}},"6":{"name":"stylesheet","line":22,"loc":{"start":{"line":22,"column":23},"end":{"line":22,"column":46}}},"7":{"name":"passthrough","line":27,"loc":{"start":{"line":27,"column":0},"end":{"line":27,"column":24}}},"8":{"name":"getPathHelper","line":29,"loc":{"start":{"line":29,"column":24},"end":{"line":29,"column":56}}},"9":{"name":"_path","line":31,"loc":{"start":{"line":31,"column":11},"end":{"line":31,"column":29}}},"10":{"name":"_path","line":39,"loc":{"start":{"line":39,"column":11},"end":{"line":39,"column":29}}},"11":{"name":"render","line":44,"loc":{"start":{"line":44,"column":17},"end":{"line":44,"column":54}}}},"statementMap":{"1":{"start":{"line":2,"column":0},"end":{"line":5,"column":3}},"2":{"start":{"line":7,"column":0},"end":{"line":15,"column":1}},"3":{"start":{"line":8,"column":2},"end":{"line":8,"column":18}},"4":{"start":{"line":9,"column":2},"end":{"line":9,"column":37}},"5":{"start":{"line":10,"column":2},"end":{"line":12,"column":3}},"6":{"start":{"line":11,"column":4},"end":{"line":11,"column":26}},"7":{"start":{"line":13,"column":2},"end":{"line":13,"column":31}},"8":{"start":{"line":14,"column":2},"end":{"line":14,"column":79}},"9":{"start":{"line":14,"column":33},"end":{"line":14,"column":76}},"10":{"start":{"line":17,"column":0},"end":{"line":25,"column":1}},"11":{"start":{"line":18,"column":2},"end":{"line":18,"column":26}},"12":{"start":{"line":19,"column":2},"end":{"line":19,"column":19}},"13":{"start":{"line":20,"column":2},"end":{"line":20,"column":78}},"14":{"start":{"line":20,"column":38},"end":{"line":20,"column":59}},"15":{"start":{"line":20,"column":45},"end":{"line":20,"column":58}},"16":{"start":{"line":20,"column":60},"end":{"line":20,"column":77}},"17":{"start":{"line":21,"column":2},"end":{"line":21,"column":61}},"18":{"start":{"line":21,"column":40},"end":{"line":21,"column":60}},"19":{"start":{"line":22,"column":2},"end":{"line":22,"column":73}},"20":{"start":{"line":22,"column":48},"end":{"line":22,"column":72}},"21":{"start":{"line":23,"column":2},"end":{"line":23,"column":47}},"22":{"start":{"line":24,"column":2},"end":{"line":24,"column":17}},"23":{"start":{"line":27,"column":0},"end":{"line":27,"column":36}},"24":{"start":{"line":27,"column":26},"end":{"line":27,"column":35}},"25":{"start":{"line":29,"column":0},"end":{"line":41,"column":1}},"26":{"start":{"line":30,"column":2},"end":{"line":40,"column":3}},"27":{"start":{"line":31,"column":4},"end":{"line":37,"column":5}},"28":{"start":{"line":32,"column":6},"end":{"line":32,"column":62}},"29":{"start":{"line":33,"column":6},"end":{"line":33,"column":65}},"30":{"start":{"line":33,"column":38},"end":{"line":33,"column":64}},"31":{"start":{"line":34,"column":6},"end":{"line":34,"column":61}},"32":{"start":{"line":35,"column":6},"end":{"line":35,"column":57}},"33":{"start":{"line":36,"column":6},"end":{"line":36,"column":21}},"34":{"start":{"line":39,"column":4},"end":{"line":39,"column":41}},"35":{"start":{"line":39,"column":31},"end":{"line":39,"column":40}},"36":{"start":{"line":44,"column":0},"end":{"line":53,"column":1}},"37":{"start":{"line":45,"column":2},"end":{"line":47,"column":5}},"38":{"start":{"line":48,"column":2},"end":{"line":48,"column":51}},"39":{"start":{"line":49,"column":2},"end":{"line":49,"column":45}},"40":{"start":{"line":50,"column":2},"end":{"line":50,"column":49}},"41":{"start":{"line":51,"column":2},"end":{"line":51,"column":61}},"42":{"start":{"line":52,"column":2},"end":{"line":52,"column":17}}},"branchMap":{"1":{"line":10,"type":"if","locations":[{"start":{"line":10,"column":2},"end":{"line":10,"column":2}},{"start":{"line":10,"column":2},"end":{"line":10,"column":2}}]},"2":{"line":18,"type":"binary-expr","locations":[{"start":{"line":18,"column":12},"end":{"line":18,"column":19}},{"start":{"line":18,"column":23},"end":{"line":18,"column":25}}]},"3":{"line":20,"type":"if","locations":[{"start":{"line":20,"column":38},"end":{"line":20,"column":38}},{"start":{"line":20,"column":38},"end":{"line":20,"column":38}}]},"4":{"line":30,"type":"if","locations":[{"start":{"line":30,"column":2},"end":{"line":30,"column":2}},{"start":{"line":30,"column":2},"end":{"line":30,"column":2}}]},"5":{"line":33,"type":"if","locations":[{"start":{"line":33,"column":6},"end":{"line":33,"column":6}},{"start":{"line":33,"column":6},"end":{"line":33,"column":6}}]},"6":{"line":48,"type":"binary-expr","locations":[{"start":{"line":48,"column":21},"end":{"line":48,"column":35}},{"start":{"line":48,"column":39},"end":{"line":48,"column":41}}]}},"code":["","var path = require('path')","  , ejs = require('ejs')","  , obj = require('./obj')","  ;","","exports.make_relative = function make_relative(paths, dst, root) {","  var result = [];","  var r = dst.substr(0, root.length);","  if ( r !== root) {","    console.log('KAPUTT');","  }","  dst = dst.substr(root.length)","  return paths.map(function(p) { return path.relative(path.dirname(dst), p) });","}","","var helpers = exports.helpers = function helpers(ctx, options) {","  options = options || {};","  var helpers = {};","  helpers.title = function title(t) { if(t) {ctx.title = t} return ctx.title }","  helpers.script = function script(s) { ctx.scripts.push(s) }","  helpers.stylesheet = function stylesheet(s) { ctx.stylesheets.push(s) }","  helpers.path = exports.getPathHelper(options)","  return helpers;","}","","function passthrough(p) { return p }","","exports.getPathHelper = function getPathHelper(options) {","  if (options.outputDir) {","    return function _path(p) {","      var r = options.dst.substr(0, options.outputDir.length);","      if ( r !== options.outputDir) { throw new Error('KAPUTT') }","      var dst = options.dst.substr(options.outputDir.length);","      var relpath =  path.relative(path.dirname(dst), p);","      return relpath;","    }","  } else {","    return function _path(p) { return p }","  }","}","","","exports.render = function render(source, options, cb) {","  var metadata = { stylesheets: [], scripts: []}","    , locals = helpers(metadata, options)","    ;","  locals = obj.union(options.locals || {}, locals);","  metadata.body = ejs.render(source, locals);","  metadata.path = exports.getPathHelper(options);","  var html = ejs.render(options.layout.toString(), metadata);","  cb(null, html);","}",""],"l":{"2":2,"7":0,"8":0,"9":0,"10":0,"11":0,"13":0,"14":0,"17":0,"18":0,"19":0,"20":0,"21":0,"22":0,"23":0,"24":0,"27":1,"29":0,"30":0,"31":0,"32":0,"33":0,"34":0,"35":0,"36":0,"39":0,"44":0,"45":0,"48":0,"49":0,"50":0,"51":0,"52":0}}}